<?xml version="1.0" encoding="utf-8"?>
<!DOCTYPE coverage SYSTEM "http://cobertura.sourceforge.net/xml/coverage-04.dtd">
<coverage line-rate="0.200953826143507" branch-rate="0.113397129186603" lines-covered="927" lines-valid="4613" branches-covered="237" branches-valid="2090" complexity="2002" version="0" timestamp="1677953822">
  <sources />
  <packages>
    <package name="BankApp.BusinessLayer" line-rate="0.917431192660551" branch-rate="1" complexity="33">
      <classes>
        <class name="BankApp.BusinessLayer.MoreThan3TransactionsTodayException" filename="C:\Users\Adnim\source\repos\BankAppUnitTesting\BankApp.BusinessLayer\MoreThan3TransactionsTodayException.cs" line-rate="1" branch-rate="1" complexity="NaN">
          <methods>
            <method name=".ctor" signature="(System.String,System.Exception)" line-rate="1" branch-rate="1" complexity="NaN">
              <lines>
                <line number="11" hits="3" branch="false" />
              </lines>
            </method>
          </methods>
          <lines>
            <line number="11" hits="3" branch="false" />
          </lines>
        </class>
        <class name="BankApp.BusinessLayer.NotificationSender" filename="C:\Users\Adnim\source\repos\BankAppUnitTesting\BankApp.BusinessLayer\NotificationSender.cs" line-rate="0" branch-rate="1" complexity="NaN">
          <methods>
            <method name="EmailNotificationForWithdrawl" signature="(System.Double)" line-rate="0" branch-rate="1" complexity="NaN">
              <lines>
                <line number="12" hits="0" branch="false" />
                <line number="13" hits="0" branch="false" />
                <line number="14" hits="0" branch="false" />
              </lines>
            </method>
            <method name="EmailNotificationForDeposition" signature="(System.Double)" line-rate="0" branch-rate="1" complexity="NaN">
              <lines>
                <line number="16" hits="0" branch="false" />
                <line number="17" hits="0" branch="false" />
                <line number="18" hits="0" branch="false" />
              </lines>
            </method>
            <method name="EmailNotificationForTransfer" signature="(System.Double)" line-rate="0" branch-rate="1" complexity="NaN">
              <lines>
                <line number="20" hits="0" branch="false" />
                <line number="21" hits="0" branch="false" />
                <line number="22" hits="0" branch="false" />
              </lines>
            </method>
          </methods>
          <lines>
            <line number="12" hits="0" branch="false" />
            <line number="13" hits="0" branch="false" />
            <line number="14" hits="0" branch="false" />
            <line number="16" hits="0" branch="false" />
            <line number="17" hits="0" branch="false" />
            <line number="18" hits="0" branch="false" />
            <line number="20" hits="0" branch="false" />
            <line number="21" hits="0" branch="false" />
            <line number="22" hits="0" branch="false" />
          </lines>
        </class>
        <class name="BankAppExceptions.Account" filename="C:\Users\Adnim\source\repos\BankAppUnitTesting\BankApp.BusinessLayer\Account.cs" line-rate="1" branch-rate="1" complexity="NaN">
          <methods>
            <method name="Accno" signature="()" line-rate="1" branch-rate="1" complexity="NaN">
              <lines>
                <line number="12" hits="39" branch="false" />
              </lines>
            </method>
            <method name="Accno" signature="(System.Int32)" line-rate="1" branch-rate="1" complexity="NaN">
              <lines>
                <line number="12" hits="39" branch="false" />
              </lines>
            </method>
            <method name="Name" signature="()" line-rate="1" branch-rate="1" complexity="NaN">
              <lines>
                <line number="13" hits="53" branch="false" />
              </lines>
            </method>
            <method name="Name" signature="(System.String)" line-rate="1" branch-rate="1" complexity="NaN">
              <lines>
                <line number="13" hits="53" branch="false" />
              </lines>
            </method>
            <method name="Balance" signature="()" line-rate="1" branch-rate="1" complexity="NaN">
              <lines>
                <line number="14" hits="91" branch="false" />
              </lines>
            </method>
            <method name="Balance" signature="(System.Double)" line-rate="1" branch-rate="1" complexity="NaN">
              <lines>
                <line number="14" hits="91" branch="false" />
              </lines>
            </method>
            <method name="Pin" signature="()" line-rate="1" branch-rate="1" complexity="NaN">
              <lines>
                <line number="15" hits="42" branch="false" />
              </lines>
            </method>
            <method name="Pin" signature="(System.Int32)" line-rate="1" branch-rate="1" complexity="NaN">
              <lines>
                <line number="15" hits="42" branch="false" />
              </lines>
            </method>
            <method name="isActive" signature="()" line-rate="1" branch-rate="1" complexity="NaN">
              <lines>
                <line number="16" hits="43" branch="false" />
              </lines>
            </method>
            <method name="isActive" signature="(System.Boolean)" line-rate="1" branch-rate="1" complexity="NaN">
              <lines>
                <line number="16" hits="43" branch="false" />
              </lines>
            </method>
            <method name="OpeningDate" signature="()" line-rate="1" branch-rate="1" complexity="NaN">
              <lines>
                <line number="17" hits="34" branch="false" />
              </lines>
            </method>
            <method name="OpeningDate" signature="(System.String)" line-rate="1" branch-rate="1" complexity="NaN">
              <lines>
                <line number="17" hits="34" branch="false" />
              </lines>
            </method>
            <method name="ClosingDate" signature="()" line-rate="1" branch-rate="1" complexity="NaN">
              <lines>
                <line number="18" hits="48" branch="false" />
              </lines>
            </method>
            <method name="ClosingDate" signature="(System.String)" line-rate="1" branch-rate="1" complexity="NaN">
              <lines>
                <line number="18" hits="48" branch="false" />
              </lines>
            </method>
            <method name="TransactionsToday" signature="()" line-rate="1" branch-rate="1" complexity="NaN">
              <lines>
                <line number="19" hits="27" branch="false" />
              </lines>
            </method>
            <method name="TransactionsToday" signature="(System.Int32)" line-rate="1" branch-rate="1" complexity="NaN">
              <lines>
                <line number="19" hits="27" branch="false" />
              </lines>
            </method>
          </methods>
          <lines>
            <line number="12" hits="39" branch="false" />
            <line number="13" hits="53" branch="false" />
            <line number="14" hits="91" branch="false" />
            <line number="15" hits="42" branch="false" />
            <line number="16" hits="43" branch="false" />
            <line number="17" hits="34" branch="false" />
            <line number="18" hits="48" branch="false" />
            <line number="19" hits="27" branch="false" />
          </lines>
        </class>
        <class name="BankAppExceptions.AccountException" filename="C:\Users\Adnim\source\repos\BankAppUnitTesting\BankApp.BusinessLayer\AccountException.cs" line-rate="1" branch-rate="1" complexity="NaN">
          <methods>
            <method name=".ctor" signature="(System.String,System.Exception)" line-rate="1" branch-rate="1" complexity="NaN">
              <lines>
                <line number="11" hits="13" branch="false" />
                <line number="12" hits="13" branch="false" />
                <line number="13" hits="13" branch="false" />
              </lines>
            </method>
          </methods>
          <lines>
            <line number="11" hits="13" branch="false" />
            <line number="12" hits="13" branch="false" />
            <line number="13" hits="13" branch="false" />
          </lines>
        </class>
        <class name="BankAppExceptions.AccountManager" filename="C:\Users\Adnim\source\repos\BankAppUnitTesting\BankApp.BusinessLayer\AccountManager.cs" line-rate="1" branch-rate="1" complexity="NaN">
          <methods>
            <method name="Accounts" signature="()" line-rate="1" branch-rate="1" complexity="NaN">
              <lines>
                <line number="21" hits="179" branch="false" />
              </lines>
            </method>
            <method name="Accounts" signature="(System.Collections.Generic.List`1&lt;BankAppExceptions.Account&gt;)" line-rate="1" branch-rate="1" complexity="NaN">
              <lines>
                <line number="21" hits="179" branch="false" />
              </lines>
            </method>
            <method name=".ctor" signature="(BankApp.DataAccessLayer.IDataStorage,BankApp.BusinessLayer.NotificationSender)" line-rate="1" branch-rate="1" complexity="NaN">
              <lines>
                <line number="16" hits="29" branch="false" />
                <line number="17" hits="29" branch="false" />
                <line number="18" hits="29" branch="false" />
                <line number="19" hits="29" branch="false" />
                <line number="20" hits="29" branch="false" />
                <line number="21" hits="179" branch="false" />
              </lines>
            </method>
            <method name="OpenAccount" signature="(BankAppExceptions.Account)" line-rate="1" branch-rate="1" complexity="NaN">
              <lines>
                <line number="23" hits="36" branch="false" />
                <line number="24" hits="36" branch="true" condition-coverage="100% (4/4)" />
                <line number="25" hits="1" branch="false" />
                <line number="26" hits="1" branch="false" />
                <line number="28" hits="35" branch="true" condition-coverage="100% (4/4)" />
                <line number="29" hits="1" branch="false" />
                <line number="30" hits="1" branch="false" />
                <line number="32" hits="34" branch="false" />
                <line number="33" hits="34" branch="false" />
                <line number="34" hits="34" branch="false" />
                <line number="35" hits="34" branch="false" />
              </lines>
            </method>
            <method name="CloseAccount" signature="(BankAppExceptions.Account)" line-rate="1" branch-rate="1" complexity="NaN">
              <lines>
                <line number="37" hits="10" branch="false" />
                <line number="38" hits="10" branch="true" condition-coverage="100% (2/2)" />
                <line number="39" hits="1" branch="false" />
                <line number="40" hits="1" branch="false" />
                <line number="42" hits="9" branch="true" condition-coverage="100% (2/2)" />
                <line number="43" hits="1" branch="false" />
                <line number="44" hits="1" branch="false" />
                <line number="46" hits="8" branch="true" condition-coverage="100% (2/2)" />
                <line number="47" hits="1" branch="false" />
                <line number="48" hits="1" branch="false" />
                <line number="50" hits="7" branch="false" />
                <line number="51" hits="7" branch="false" />
                <line number="52" hits="7" branch="false" />
              </lines>
            </method>
            <method name="Withdraw" signature="(BankAppExceptions.Account,System.Int32,System.Int32)" line-rate="1" branch-rate="1" complexity="NaN">
              <lines>
                <line number="54" hits="7" branch="false" />
                <line number="55" hits="7" branch="true" condition-coverage="100% (2/2)" />
                <line number="56" hits="1" branch="false" />
                <line number="57" hits="1" branch="false" />
                <line number="60" hits="6" branch="true" condition-coverage="100% (2/2)" />
                <line number="61" hits="1" branch="false" />
                <line number="62" hits="1" branch="false" />
                <line number="64" hits="5" branch="true" condition-coverage="100% (2/2)" />
                <line number="65" hits="1" branch="false" />
                <line number="66" hits="1" branch="false" />
                <line number="68" hits="4" branch="true" condition-coverage="100% (2/2)" />
                <line number="69" hits="1" branch="false" />
                <line number="70" hits="1" branch="false" />
                <line number="72" hits="3" branch="true" condition-coverage="100% (2/2)" />
                <line number="73" hits="1" branch="false" />
                <line number="74" hits="1" branch="false" />
                <line number="76" hits="2" branch="false" />
                <line number="77" hits="2" branch="false" />
                <line number="78" hits="2" branch="false" />
              </lines>
            </method>
            <method name="Deposit" signature="(BankAppExceptions.Account,System.Int32)" line-rate="1" branch-rate="1" complexity="NaN">
              <lines>
                <line number="80" hits="5" branch="false" />
                <line number="81" hits="5" branch="true" condition-coverage="100% (2/2)" />
                <line number="82" hits="1" branch="false" />
                <line number="83" hits="1" branch="false" />
                <line number="86" hits="4" branch="true" condition-coverage="100% (2/2)" />
                <line number="87" hits="1" branch="false" />
                <line number="88" hits="1" branch="false" />
                <line number="90" hits="3" branch="true" condition-coverage="100% (2/2)" />
                <line number="91" hits="1" branch="false" />
                <line number="92" hits="1" branch="false" />
                <line number="94" hits="2" branch="false" />
                <line number="95" hits="2" branch="false" />
                <line number="96" hits="2" branch="false" />
              </lines>
            </method>
            <method name="Transfer" signature="(BankAppExceptions.Account,System.Int32,BankAppExceptions.Account)" line-rate="1" branch-rate="1" complexity="NaN">
              <lines>
                <line number="98" hits="13" branch="false" />
                <line number="99" hits="13" branch="true" condition-coverage="100% (2/2)" />
                <line number="100" hits="1" branch="false" />
                <line number="101" hits="1" branch="false" />
                <line number="103" hits="12" branch="true" condition-coverage="100% (2/2)" />
                <line number="104" hits="1" branch="false" />
                <line number="105" hits="1" branch="false" />
                <line number="108" hits="11" branch="true" condition-coverage="100% (2/2)" />
                <line number="109" hits="1" branch="false" />
                <line number="110" hits="1" branch="false" />
                <line number="113" hits="10" branch="true" condition-coverage="100% (2/2)" />
                <line number="114" hits="1" branch="false" />
                <line number="115" hits="1" branch="false" />
                <line number="117" hits="9" branch="true" condition-coverage="100% (2/2)" />
                <line number="118" hits="1" branch="false" />
                <line number="119" hits="1" branch="false" />
                <line number="121" hits="8" branch="true" condition-coverage="100% (2/2)" />
                <line number="122" hits="1" branch="false" />
                <line number="123" hits="1" branch="false" />
                <line number="125" hits="7" branch="false" />
                <line number="126" hits="7" branch="false" />
                <line number="127" hits="7" branch="false" />
                <line number="128" hits="7" branch="false" />
                <line number="129" hits="7" branch="false" />
                <line number="130" hits="7" branch="false" />
              </lines>
            </method>
          </methods>
          <lines>
            <line number="16" hits="29" branch="false" />
            <line number="17" hits="29" branch="false" />
            <line number="18" hits="29" branch="false" />
            <line number="19" hits="29" branch="false" />
            <line number="20" hits="29" branch="false" />
            <line number="21" hits="179" branch="false" />
            <line number="23" hits="36" branch="false" />
            <line number="24" hits="36" branch="true" condition-coverage="100% (4/4)" />
            <line number="25" hits="1" branch="false" />
            <line number="26" hits="1" branch="false" />
            <line number="28" hits="35" branch="true" condition-coverage="100% (4/4)" />
            <line number="29" hits="1" branch="false" />
            <line number="30" hits="1" branch="false" />
            <line number="32" hits="34" branch="false" />
            <line number="33" hits="34" branch="false" />
            <line number="34" hits="34" branch="false" />
            <line number="35" hits="34" branch="false" />
            <line number="37" hits="10" branch="false" />
            <line number="38" hits="10" branch="true" condition-coverage="100% (2/2)" />
            <line number="39" hits="1" branch="false" />
            <line number="40" hits="1" branch="false" />
            <line number="42" hits="9" branch="true" condition-coverage="100% (2/2)" />
            <line number="43" hits="1" branch="false" />
            <line number="44" hits="1" branch="false" />
            <line number="46" hits="8" branch="true" condition-coverage="100% (2/2)" />
            <line number="47" hits="1" branch="false" />
            <line number="48" hits="1" branch="false" />
            <line number="50" hits="7" branch="false" />
            <line number="51" hits="7" branch="false" />
            <line number="52" hits="7" branch="false" />
            <line number="54" hits="7" branch="false" />
            <line number="55" hits="7" branch="true" condition-coverage="100% (2/2)" />
            <line number="56" hits="1" branch="false" />
            <line number="57" hits="1" branch="false" />
            <line number="60" hits="6" branch="true" condition-coverage="100% (2/2)" />
            <line number="61" hits="1" branch="false" />
            <line number="62" hits="1" branch="false" />
            <line number="64" hits="5" branch="true" condition-coverage="100% (2/2)" />
            <line number="65" hits="1" branch="false" />
            <line number="66" hits="1" branch="false" />
            <line number="68" hits="4" branch="true" condition-coverage="100% (2/2)" />
            <line number="69" hits="1" branch="false" />
            <line number="70" hits="1" branch="false" />
            <line number="72" hits="3" branch="true" condition-coverage="100% (2/2)" />
            <line number="73" hits="1" branch="false" />
            <line number="74" hits="1" branch="false" />
            <line number="76" hits="2" branch="false" />
            <line number="77" hits="2" branch="false" />
            <line number="78" hits="2" branch="false" />
            <line number="80" hits="5" branch="false" />
            <line number="81" hits="5" branch="true" condition-coverage="100% (2/2)" />
            <line number="82" hits="1" branch="false" />
            <line number="83" hits="1" branch="false" />
            <line number="86" hits="4" branch="true" condition-coverage="100% (2/2)" />
            <line number="87" hits="1" branch="false" />
            <line number="88" hits="1" branch="false" />
            <line number="90" hits="3" branch="true" condition-coverage="100% (2/2)" />
            <line number="91" hits="1" branch="false" />
            <line number="92" hits="1" branch="false" />
            <line number="94" hits="2" branch="false" />
            <line number="95" hits="2" branch="false" />
            <line number="96" hits="2" branch="false" />
            <line number="98" hits="13" branch="false" />
            <line number="99" hits="13" branch="true" condition-coverage="100% (2/2)" />
            <line number="100" hits="1" branch="false" />
            <line number="101" hits="1" branch="false" />
            <line number="103" hits="12" branch="true" condition-coverage="100% (2/2)" />
            <line number="104" hits="1" branch="false" />
            <line number="105" hits="1" branch="false" />
            <line number="108" hits="11" branch="true" condition-coverage="100% (2/2)" />
            <line number="109" hits="1" branch="false" />
            <line number="110" hits="1" branch="false" />
            <line number="113" hits="10" branch="true" condition-coverage="100% (2/2)" />
            <line number="114" hits="1" branch="false" />
            <line number="115" hits="1" branch="false" />
            <line number="117" hits="9" branch="true" condition-coverage="100% (2/2)" />
            <line number="118" hits="1" branch="false" />
            <line number="119" hits="1" branch="false" />
            <line number="121" hits="8" branch="true" condition-coverage="100% (2/2)" />
            <line number="122" hits="1" branch="false" />
            <line number="123" hits="1" branch="false" />
            <line number="125" hits="7" branch="false" />
            <line number="126" hits="7" branch="false" />
            <line number="127" hits="7" branch="false" />
            <line number="128" hits="7" branch="false" />
            <line number="129" hits="7" branch="false" />
            <line number="130" hits="7" branch="false" />
          </lines>
        </class>
        <class name="BankAppExceptions.OperationException" filename="C:\Users\Adnim\source\repos\BankAppUnitTesting\BankApp.BusinessLayer\OperationException.cs" line-rate="1" branch-rate="1" complexity="NaN">
          <methods>
            <method name=".ctor" signature="(System.String,System.Exception)" line-rate="1" branch-rate="1" complexity="NaN">
              <lines>
                <line number="11" hits="15" branch="false" />
              </lines>
            </method>
          </methods>
          <lines>
            <line number="11" hits="15" branch="false" />
          </lines>
        </class>
      </classes>
    </package>
    <package name="BankApp.DataAccessLayer" line-rate="0" branch-rate="1" complexity="1">
      <classes>
        <class name="BankApp.DataAccessLayer.DBDataStorage" filename="C:\Users\Adnim\source\repos\BankAppUnitTesting\BankApp.DataAccessLayer\DBDataStorage.cs" line-rate="0" branch-rate="1" complexity="NaN">
          <methods>
            <method name="Save" signature="(System.String)" line-rate="0" branch-rate="1" complexity="NaN">
              <lines>
                <line number="12" hits="0" branch="false" />
                <line number="13" hits="0" branch="false" />
                <line number="14" hits="0" branch="false" />
              </lines>
            </method>
          </methods>
          <lines>
            <line number="12" hits="0" branch="false" />
            <line number="13" hits="0" branch="false" />
            <line number="14" hits="0" branch="false" />
          </lines>
        </class>
      </classes>
    </package>
    <package name="BankApp.UnitTest" line-rate="0.904040404040404" branch-rate="1" complexity="31">
      <classes>
        <class name="BankApp.UnitTest.UnitTest1" filename="C:\Users\Adnim\source\repos\BankAppUnitTesting\BankApp.UnitTest\UnitTest1.cs" line-rate="0.904040404040404" branch-rate="1" complexity="31">
          <methods>
            <method name="Init" signature="()" line-rate="1" branch-rate="1" complexity="1">
              <lines>
                <line number="19" hits="29" branch="false" />
                <line number="20" hits="29" branch="false" />
                <line number="21" hits="29" branch="false" />
                <line number="22" hits="29" branch="false" />
                <line number="23" hits="29" branch="false" />
                <line number="24" hits="29" branch="false" />
                <line number="25" hits="29" branch="false" />
                <line number="26" hits="29" branch="false" />
                <line number="27" hits="29" branch="false" />
              </lines>
            </method>
            <method name="Cleanup" signature="()" line-rate="1" branch-rate="1" complexity="1">
              <lines>
                <line number="30" hits="29" branch="false" />
                <line number="31" hits="29" branch="false" />
                <line number="32" hits="29" branch="false" />
                <line number="33" hits="29" branch="false" />
                <line number="34" hits="29" branch="false" />
              </lines>
            </method>
            <method name="AccountOpeningOnlyOnce" signature="()" line-rate="0.833333333333333" branch-rate="1" complexity="1">
              <lines>
                <line number="38" hits="1" branch="false" />
                <line number="39" hits="1" branch="false" />
                <line number="40" hits="1" branch="false" />
                <line number="41" hits="1" branch="false" />
                <line number="42" hits="1" branch="false" />
                <line number="43" hits="0" branch="false" />
              </lines>
            </method>
            <method name="ClosingAnAccountNotPresent" signature="()" line-rate="0.75" branch-rate="1" complexity="1">
              <lines>
                <line number="47" hits="1" branch="false" />
                <line number="48" hits="1" branch="false" />
                <line number="49" hits="1" branch="false" />
                <line number="50" hits="0" branch="false" />
              </lines>
            </method>
            <method name="ClosingAnAccountAlreadyClosed" signature="()" line-rate="0.833333333333333" branch-rate="1" complexity="1">
              <lines>
                <line number="54" hits="1" branch="false" />
                <line number="55" hits="1" branch="false" />
                <line number="56" hits="1" branch="false" />
                <line number="57" hits="1" branch="false" />
                <line number="58" hits="1" branch="false" />
                <line number="59" hits="0" branch="false" />
              </lines>
            </method>
            <method name="ClosingAnAccountWithBalanceMoreThanZero" signature="()" line-rate="0.8" branch-rate="1" complexity="1">
              <lines>
                <line number="63" hits="1" branch="false" />
                <line number="64" hits="1" branch="false" />
                <line number="65" hits="1" branch="false" />
                <line number="66" hits="1" branch="false" />
                <line number="67" hits="0" branch="false" />
              </lines>
            </method>
            <method name="OpeningAccountAlreadyOpen" signature="()" line-rate="0.8" branch-rate="1" complexity="1">
              <lines>
                <line number="71" hits="1" branch="false" />
                <line number="72" hits="1" branch="false" />
                <line number="73" hits="1" branch="false" />
                <line number="74" hits="1" branch="false" />
                <line number="75" hits="0" branch="false" />
              </lines>
            </method>
            <method name="AccountClosedWhileWithdrawing" signature="()" line-rate="0.833333333333333" branch-rate="1" complexity="1">
              <lines>
                <line number="79" hits="1" branch="false" />
                <line number="80" hits="1" branch="false" />
                <line number="81" hits="1" branch="false" />
                <line number="82" hits="1" branch="false" />
                <line number="83" hits="1" branch="false" />
                <line number="84" hits="0" branch="false" />
              </lines>
            </method>
            <method name="AccountNotFoundWhileWithdrawing" signature="()" line-rate="0.75" branch-rate="1" complexity="1">
              <lines>
                <line number="88" hits="1" branch="false" />
                <line number="89" hits="1" branch="false" />
                <line number="90" hits="1" branch="false" />
                <line number="91" hits="0" branch="false" />
              </lines>
            </method>
            <method name="WrongPinWhileWithdrawing" signature="()" line-rate="0.8" branch-rate="1" complexity="1">
              <lines>
                <line number="95" hits="1" branch="false" />
                <line number="96" hits="1" branch="false" />
                <line number="97" hits="1" branch="false" />
                <line number="98" hits="1" branch="false" />
                <line number="99" hits="0" branch="false" />
              </lines>
            </method>
            <method name="AmountLessThanZeroWhileWithdrawing" signature="()" line-rate="0.8" branch-rate="1" complexity="1">
              <lines>
                <line number="103" hits="1" branch="false" />
                <line number="104" hits="1" branch="false" />
                <line number="105" hits="1" branch="false" />
                <line number="106" hits="1" branch="false" />
                <line number="107" hits="0" branch="false" />
              </lines>
            </method>
            <method name="AmountMoreThanBalanceWhileWithdrawing" signature="()" line-rate="0.8" branch-rate="1" complexity="1">
              <lines>
                <line number="111" hits="1" branch="false" />
                <line number="112" hits="1" branch="false" />
                <line number="113" hits="1" branch="false" />
                <line number="114" hits="1" branch="false" />
                <line number="115" hits="0" branch="false" />
              </lines>
            </method>
            <method name="AccountClosedWhileDepositing" signature="()" line-rate="0.833333333333333" branch-rate="1" complexity="1">
              <lines>
                <line number="119" hits="1" branch="false" />
                <line number="120" hits="1" branch="false" />
                <line number="121" hits="1" branch="false" />
                <line number="122" hits="1" branch="false" />
                <line number="123" hits="1" branch="false" />
                <line number="124" hits="0" branch="false" />
              </lines>
            </method>
            <method name="AccountNotFoundWhileDepositing" signature="()" line-rate="0.75" branch-rate="1" complexity="1">
              <lines>
                <line number="128" hits="1" branch="false" />
                <line number="129" hits="1" branch="false" />
                <line number="130" hits="1" branch="false" />
                <line number="131" hits="0" branch="false" />
              </lines>
            </method>
            <method name="AmountLessThanZeroWhileDepositing" signature="()" line-rate="0.8" branch-rate="1" complexity="1">
              <lines>
                <line number="135" hits="1" branch="false" />
                <line number="136" hits="1" branch="false" />
                <line number="137" hits="1" branch="false" />
                <line number="138" hits="1" branch="false" />
                <line number="139" hits="0" branch="false" />
              </lines>
            </method>
            <method name="FromAccountClosedWhileTransfering" signature="()" line-rate="0.875" branch-rate="1" complexity="1">
              <lines>
                <line number="143" hits="1" branch="false" />
                <line number="144" hits="1" branch="false" />
                <line number="145" hits="1" branch="false" />
                <line number="146" hits="1" branch="false" />
                <line number="147" hits="1" branch="false" />
                <line number="148" hits="1" branch="false" />
                <line number="149" hits="1" branch="false" />
                <line number="150" hits="0" branch="false" />
              </lines>
            </method>
            <method name="FromAccountNotFoundWhileTransfering" signature="()" line-rate="0.833333333333333" branch-rate="1" complexity="1">
              <lines>
                <line number="154" hits="1" branch="false" />
                <line number="155" hits="1" branch="false" />
                <line number="156" hits="1" branch="false" />
                <line number="157" hits="1" branch="false" />
                <line number="158" hits="1" branch="false" />
                <line number="159" hits="0" branch="false" />
              </lines>
            </method>
            <method name="ToAccountClosedWhileTransfering" signature="()" line-rate="0.875" branch-rate="1" complexity="1">
              <lines>
                <line number="163" hits="1" branch="false" />
                <line number="164" hits="1" branch="false" />
                <line number="165" hits="1" branch="false" />
                <line number="166" hits="1" branch="false" />
                <line number="167" hits="1" branch="false" />
                <line number="168" hits="1" branch="false" />
                <line number="169" hits="1" branch="false" />
                <line number="170" hits="0" branch="false" />
              </lines>
            </method>
            <method name="ToAccountNotFoundWhileTransfering" signature="()" line-rate="0.833333333333333" branch-rate="1" complexity="1">
              <lines>
                <line number="174" hits="1" branch="false" />
                <line number="175" hits="1" branch="false" />
                <line number="176" hits="1" branch="false" />
                <line number="177" hits="1" branch="false" />
                <line number="178" hits="1" branch="false" />
                <line number="179" hits="0" branch="false" />
              </lines>
            </method>
            <method name="AmountLessThanZeroWhileTransfering" signature="()" line-rate="0.857142857142857" branch-rate="1" complexity="1">
              <lines>
                <line number="183" hits="1" branch="false" />
                <line number="184" hits="1" branch="false" />
                <line number="185" hits="1" branch="false" />
                <line number="186" hits="1" branch="false" />
                <line number="187" hits="1" branch="false" />
                <line number="188" hits="1" branch="false" />
                <line number="189" hits="0" branch="false" />
              </lines>
            </method>
            <method name="TestingDeposition" signature="()" line-rate="1" branch-rate="1" complexity="1">
              <lines>
                <line number="192" hits="1" branch="false" />
                <line number="193" hits="1" branch="false" />
                <line number="194" hits="1" branch="false" />
                <line number="195" hits="1" branch="false" />
                <line number="196" hits="1" branch="false" />
                <line number="197" hits="1" branch="false" />
                <line number="198" hits="1" branch="false" />
              </lines>
            </method>
            <method name="TestingWithdrawl" signature="()" line-rate="1" branch-rate="1" complexity="1">
              <lines>
                <line number="201" hits="1" branch="false" />
                <line number="202" hits="1" branch="false" />
                <line number="203" hits="1" branch="false" />
                <line number="204" hits="1" branch="false" />
                <line number="205" hits="1" branch="false" />
                <line number="206" hits="1" branch="false" />
                <line number="207" hits="1" branch="false" />
              </lines>
            </method>
            <method name="TestingTransfer_SenderBalance" signature="()" line-rate="1" branch-rate="1" complexity="1">
              <lines>
                <line number="210" hits="1" branch="false" />
                <line number="211" hits="1" branch="false" />
                <line number="212" hits="1" branch="false" />
                <line number="213" hits="1" branch="false" />
                <line number="214" hits="1" branch="false" />
                <line number="215" hits="1" branch="false" />
                <line number="216" hits="1" branch="false" />
                <line number="217" hits="1" branch="false" />
                <line number="218" hits="1" branch="false" />
              </lines>
            </method>
            <method name="TestingTransfer_ReceiverBalance" signature="()" line-rate="1" branch-rate="1" complexity="1">
              <lines>
                <line number="221" hits="1" branch="false" />
                <line number="222" hits="1" branch="false" />
                <line number="223" hits="1" branch="false" />
                <line number="224" hits="1" branch="false" />
                <line number="225" hits="1" branch="false" />
                <line number="226" hits="1" branch="false" />
                <line number="227" hits="1" branch="false" />
                <line number="228" hits="1" branch="false" />
                <line number="229" hits="1" branch="false" />
              </lines>
            </method>
            <method name="TestingOpenAccount" signature="()" line-rate="1" branch-rate="1" complexity="1">
              <lines>
                <line number="232" hits="1" branch="false" />
                <line number="233" hits="1" branch="false" />
                <line number="234" hits="1" branch="false" />
                <line number="235" hits="1" branch="false" />
                <line number="236" hits="1" branch="false" />
                <line number="237" hits="1" branch="false" />
              </lines>
            </method>
            <method name="TestingCloseAccount" signature="()" line-rate="1" branch-rate="1" complexity="1">
              <lines>
                <line number="240" hits="1" branch="false" />
                <line number="241" hits="1" branch="false" />
                <line number="242" hits="1" branch="false" />
                <line number="243" hits="1" branch="false" />
                <line number="244" hits="1" branch="false" />
                <line number="245" hits="1" branch="false" />
                <line number="246" hits="1" branch="false" />
              </lines>
            </method>
            <method name="TransferDataStoredInDB" signature="()" line-rate="1" branch-rate="1" complexity="1">
              <lines>
                <line number="249" hits="1" branch="false" />
                <line number="250" hits="1" branch="false" />
                <line number="251" hits="1" branch="false" />
                <line number="252" hits="1" branch="false" />
                <line number="253" hits="1" branch="false" />
                <line number="254" hits="1" branch="false" />
                <line number="255" hits="1" branch="false" />
                <line number="256" hits="1" branch="false" />
              </lines>
            </method>
            <method name="TestingMoreThan3TransactionsToday" signature="()" line-rate="0.9" branch-rate="1" complexity="1">
              <lines>
                <line number="260" hits="1" branch="false" />
                <line number="261" hits="1" branch="false" />
                <line number="262" hits="1" branch="false" />
                <line number="263" hits="1" branch="false" />
                <line number="264" hits="1" branch="false" />
                <line number="265" hits="1" branch="false" />
                <line number="266" hits="1" branch="false" />
                <line number="267" hits="1" branch="false" />
                <line number="268" hits="1" branch="false" />
                <line number="269" hits="0" branch="false" />
              </lines>
            </method>
            <method name="TestingNotificationSenderForWithdrawl" signature="()" line-rate="1" branch-rate="1" complexity="1">
              <lines>
                <line number="272" hits="1" branch="false" />
                <line number="273" hits="1" branch="false" />
                <line number="274" hits="1" branch="false" />
                <line number="275" hits="1" branch="false" />
                <line number="276" hits="1" branch="false" />
                <line number="277" hits="1" branch="false" />
              </lines>
            </method>
            <method name="TestingNotificationSenderForDeposition" signature="()" line-rate="1" branch-rate="1" complexity="1">
              <lines>
                <line number="280" hits="1" branch="false" />
                <line number="281" hits="1" branch="false" />
                <line number="282" hits="1" branch="false" />
                <line number="283" hits="1" branch="false" />
                <line number="284" hits="1" branch="false" />
                <line number="285" hits="1" branch="false" />
              </lines>
            </method>
            <method name="TestingNotificationSenderForTransfer" signature="()" line-rate="1" branch-rate="1" complexity="1">
              <lines>
                <line number="288" hits="1" branch="false" />
                <line number="289" hits="1" branch="false" />
                <line number="290" hits="1" branch="false" />
                <line number="291" hits="1" branch="false" />
                <line number="292" hits="1" branch="false" />
                <line number="293" hits="1" branch="false" />
                <line number="294" hits="1" branch="false" />
                <line number="295" hits="1" branch="false" />
              </lines>
            </method>
          </methods>
          <lines>
            <line number="19" hits="29" branch="false" />
            <line number="20" hits="29" branch="false" />
            <line number="21" hits="29" branch="false" />
            <line number="22" hits="29" branch="false" />
            <line number="23" hits="29" branch="false" />
            <line number="24" hits="29" branch="false" />
            <line number="25" hits="29" branch="false" />
            <line number="26" hits="29" branch="false" />
            <line number="27" hits="29" branch="false" />
            <line number="30" hits="29" branch="false" />
            <line number="31" hits="29" branch="false" />
            <line number="32" hits="29" branch="false" />
            <line number="33" hits="29" branch="false" />
            <line number="34" hits="29" branch="false" />
            <line number="38" hits="1" branch="false" />
            <line number="39" hits="1" branch="false" />
            <line number="40" hits="1" branch="false" />
            <line number="41" hits="1" branch="false" />
            <line number="42" hits="1" branch="false" />
            <line number="43" hits="0" branch="false" />
            <line number="47" hits="1" branch="false" />
            <line number="48" hits="1" branch="false" />
            <line number="49" hits="1" branch="false" />
            <line number="50" hits="0" branch="false" />
            <line number="54" hits="1" branch="false" />
            <line number="55" hits="1" branch="false" />
            <line number="56" hits="1" branch="false" />
            <line number="57" hits="1" branch="false" />
            <line number="58" hits="1" branch="false" />
            <line number="59" hits="0" branch="false" />
            <line number="63" hits="1" branch="false" />
            <line number="64" hits="1" branch="false" />
            <line number="65" hits="1" branch="false" />
            <line number="66" hits="1" branch="false" />
            <line number="67" hits="0" branch="false" />
            <line number="71" hits="1" branch="false" />
            <line number="72" hits="1" branch="false" />
            <line number="73" hits="1" branch="false" />
            <line number="74" hits="1" branch="false" />
            <line number="75" hits="0" branch="false" />
            <line number="79" hits="1" branch="false" />
            <line number="80" hits="1" branch="false" />
            <line number="81" hits="1" branch="false" />
            <line number="82" hits="1" branch="false" />
            <line number="83" hits="1" branch="false" />
            <line number="84" hits="0" branch="false" />
            <line number="88" hits="1" branch="false" />
            <line number="89" hits="1" branch="false" />
            <line number="90" hits="1" branch="false" />
            <line number="91" hits="0" branch="false" />
            <line number="95" hits="1" branch="false" />
            <line number="96" hits="1" branch="false" />
            <line number="97" hits="1" branch="false" />
            <line number="98" hits="1" branch="false" />
            <line number="99" hits="0" branch="false" />
            <line number="103" hits="1" branch="false" />
            <line number="104" hits="1" branch="false" />
            <line number="105" hits="1" branch="false" />
            <line number="106" hits="1" branch="false" />
            <line number="107" hits="0" branch="false" />
            <line number="111" hits="1" branch="false" />
            <line number="112" hits="1" branch="false" />
            <line number="113" hits="1" branch="false" />
            <line number="114" hits="1" branch="false" />
            <line number="115" hits="0" branch="false" />
            <line number="119" hits="1" branch="false" />
            <line number="120" hits="1" branch="false" />
            <line number="121" hits="1" branch="false" />
            <line number="122" hits="1" branch="false" />
            <line number="123" hits="1" branch="false" />
            <line number="124" hits="0" branch="false" />
            <line number="128" hits="1" branch="false" />
            <line number="129" hits="1" branch="false" />
            <line number="130" hits="1" branch="false" />
            <line number="131" hits="0" branch="false" />
            <line number="135" hits="1" branch="false" />
            <line number="136" hits="1" branch="false" />
            <line number="137" hits="1" branch="false" />
            <line number="138" hits="1" branch="false" />
            <line number="139" hits="0" branch="false" />
            <line number="143" hits="1" branch="false" />
            <line number="144" hits="1" branch="false" />
            <line number="145" hits="1" branch="false" />
            <line number="146" hits="1" branch="false" />
            <line number="147" hits="1" branch="false" />
            <line number="148" hits="1" branch="false" />
            <line number="149" hits="1" branch="false" />
            <line number="150" hits="0" branch="false" />
            <line number="154" hits="1" branch="false" />
            <line number="155" hits="1" branch="false" />
            <line number="156" hits="1" branch="false" />
            <line number="157" hits="1" branch="false" />
            <line number="158" hits="1" branch="false" />
            <line number="159" hits="0" branch="false" />
            <line number="163" hits="1" branch="false" />
            <line number="164" hits="1" branch="false" />
            <line number="165" hits="1" branch="false" />
            <line number="166" hits="1" branch="false" />
            <line number="167" hits="1" branch="false" />
            <line number="168" hits="1" branch="false" />
            <line number="169" hits="1" branch="false" />
            <line number="170" hits="0" branch="false" />
            <line number="174" hits="1" branch="false" />
            <line number="175" hits="1" branch="false" />
            <line number="176" hits="1" branch="false" />
            <line number="177" hits="1" branch="false" />
            <line number="178" hits="1" branch="false" />
            <line number="179" hits="0" branch="false" />
            <line number="183" hits="1" branch="false" />
            <line number="184" hits="1" branch="false" />
            <line number="185" hits="1" branch="false" />
            <line number="186" hits="1" branch="false" />
            <line number="187" hits="1" branch="false" />
            <line number="188" hits="1" branch="false" />
            <line number="189" hits="0" branch="false" />
            <line number="192" hits="1" branch="false" />
            <line number="193" hits="1" branch="false" />
            <line number="194" hits="1" branch="false" />
            <line number="195" hits="1" branch="false" />
            <line number="196" hits="1" branch="false" />
            <line number="197" hits="1" branch="false" />
            <line number="198" hits="1" branch="false" />
            <line number="201" hits="1" branch="false" />
            <line number="202" hits="1" branch="false" />
            <line number="203" hits="1" branch="false" />
            <line number="204" hits="1" branch="false" />
            <line number="205" hits="1" branch="false" />
            <line number="206" hits="1" branch="false" />
            <line number="207" hits="1" branch="false" />
            <line number="210" hits="1" branch="false" />
            <line number="211" hits="1" branch="false" />
            <line number="212" hits="1" branch="false" />
            <line number="213" hits="1" branch="false" />
            <line number="214" hits="1" branch="false" />
            <line number="215" hits="1" branch="false" />
            <line number="216" hits="1" branch="false" />
            <line number="217" hits="1" branch="false" />
            <line number="218" hits="1" branch="false" />
            <line number="221" hits="1" branch="false" />
            <line number="222" hits="1" branch="false" />
            <line number="223" hits="1" branch="false" />
            <line number="224" hits="1" branch="false" />
            <line number="225" hits="1" branch="false" />
            <line number="226" hits="1" branch="false" />
            <line number="227" hits="1" branch="false" />
            <line number="228" hits="1" branch="false" />
            <line number="229" hits="1" branch="false" />
            <line number="232" hits="1" branch="false" />
            <line number="233" hits="1" branch="false" />
            <line number="234" hits="1" branch="false" />
            <line number="235" hits="1" branch="false" />
            <line number="236" hits="1" branch="false" />
            <line number="237" hits="1" branch="false" />
            <line number="240" hits="1" branch="false" />
            <line number="241" hits="1" branch="false" />
            <line number="242" hits="1" branch="false" />
            <line number="243" hits="1" branch="false" />
            <line number="244" hits="1" branch="false" />
            <line number="245" hits="1" branch="false" />
            <line number="246" hits="1" branch="false" />
            <line number="249" hits="1" branch="false" />
            <line number="250" hits="1" branch="false" />
            <line number="251" hits="1" branch="false" />
            <line number="252" hits="1" branch="false" />
            <line number="253" hits="1" branch="false" />
            <line number="254" hits="1" branch="false" />
            <line number="255" hits="1" branch="false" />
            <line number="256" hits="1" branch="false" />
            <line number="260" hits="1" branch="false" />
            <line number="261" hits="1" branch="false" />
            <line number="262" hits="1" branch="false" />
            <line number="263" hits="1" branch="false" />
            <line number="264" hits="1" branch="false" />
            <line number="265" hits="1" branch="false" />
            <line number="266" hits="1" branch="false" />
            <line number="267" hits="1" branch="false" />
            <line number="268" hits="1" branch="false" />
            <line number="269" hits="0" branch="false" />
            <line number="272" hits="1" branch="false" />
            <line number="273" hits="1" branch="false" />
            <line number="274" hits="1" branch="false" />
            <line number="275" hits="1" branch="false" />
            <line number="276" hits="1" branch="false" />
            <line number="277" hits="1" branch="false" />
            <line number="280" hits="1" branch="false" />
            <line number="281" hits="1" branch="false" />
            <line number="282" hits="1" branch="false" />
            <line number="283" hits="1" branch="false" />
            <line number="284" hits="1" branch="false" />
            <line number="285" hits="1" branch="false" />
            <line number="288" hits="1" branch="false" />
            <line number="289" hits="1" branch="false" />
            <line number="290" hits="1" branch="false" />
            <line number="291" hits="1" branch="false" />
            <line number="292" hits="1" branch="false" />
            <line number="293" hits="1" branch="false" />
            <line number="294" hits="1" branch="false" />
            <line number="295" hits="1" branch="false" />
          </lines>
        </class>
      </classes>
    </package>
    <package name="Moq" line-rate="0.150592609807111" branch-rate="0.09521484375" complexity="1937">
      <classes>
        <class name="Moq.ActionObserver" filename="C:\projects\moq4\src\Moq\ActionObserver.cs" line-rate="1" branch-rate="1" complexity="NaN">
          <methods>
            <method name="ReconstructExpression" signature="(System.Action`1&lt;T&gt;,System.Object[])" line-rate="1" branch-rate="1" complexity="NaN">
              <lines />
            </method>
            <method name="CreateProxy" signature="(System.Type,System.Object[],Moq.MatcherObserver,Moq.ActionObserver/Recorder&amp;)" line-rate="1" branch-rate="1" complexity="NaN">
              <lines />
            </method>
            <method name="Invocation" signature="()" line-rate="1" branch-rate="1" complexity="NaN">
              <lines />
            </method>
            <method name="Matches" signature="()" line-rate="1" branch-rate="1" complexity="NaN">
              <lines />
            </method>
            <method name="Next" signature="()" line-rate="1" branch-rate="1" complexity="NaN">
              <lines />
            </method>
            <method name=".ctor" signature="(Moq.MatcherObserver)" line-rate="1" branch-rate="1" complexity="NaN">
              <lines />
            </method>
            <method name="Intercept" signature="(Moq.Invocation)" line-rate="1" branch-rate="1" complexity="NaN">
              <lines />
            </method>
          </methods>
          <lines />
        </class>
        <class name="Moq.AsInterface`1" filename="C:\projects\moq4\src\Moq\AsInterface.cs" line-rate="1" branch-rate="1" complexity="3">
          <methods>
            <method name="AdditionalInterfaces" signature="()" line-rate="1" branch-rate="1" complexity="NaN">
              <lines />
            </method>
            <method name="ConfiguredDefaultValues" signature="()" line-rate="1" branch-rate="1" complexity="NaN">
              <lines />
            </method>
            <method name="ConstructorArguments" signature="()" line-rate="1" branch-rate="1" complexity="NaN">
              <lines />
            </method>
            <method name="MutableInvocations" signature="()" line-rate="1" branch-rate="1" complexity="NaN">
              <lines />
            </method>
            <method name="IsObjectInitialized" signature="()" line-rate="1" branch-rate="1" complexity="NaN">
              <lines />
            </method>
            <method name="MockedType" signature="()" line-rate="1" branch-rate="1" complexity="NaN">
              <lines />
            </method>
            <method name="Behavior" signature="()" line-rate="1" branch-rate="1" complexity="NaN">
              <lines />
            </method>
            <method name="CallBase" signature="()" line-rate="1" branch-rate="1" complexity="NaN">
              <lines />
            </method>
            <method name="CallBase" signature="(System.Boolean)" line-rate="1" branch-rate="1" complexity="NaN">
              <lines />
            </method>
            <method name="DefaultValueProvider" signature="()" line-rate="1" branch-rate="1" complexity="NaN">
              <lines />
            </method>
            <method name="DefaultValueProvider" signature="(Moq.DefaultValueProvider)" line-rate="1" branch-rate="1" complexity="NaN">
              <lines />
            </method>
            <method name="EventHandlers" signature="()" line-rate="1" branch-rate="1" complexity="NaN">
              <lines />
            </method>
            <method name="InheritedInterfaces" signature="()" line-rate="1" branch-rate="1" complexity="NaN">
              <lines />
            </method>
            <method name="Object" signature="()" line-rate="1" branch-rate="1" complexity="NaN">
              <lines />
            </method>
            <method name="MutableSetups" signature="()" line-rate="1" branch-rate="1" complexity="NaN">
              <lines />
            </method>
            <method name="Switches" signature="()" line-rate="1" branch-rate="1" complexity="NaN">
              <lines />
            </method>
            <method name="Switches" signature="(Moq.Switches)" line-rate="1" branch-rate="1" complexity="NaN">
              <lines />
            </method>
            <method name=".ctor" signature="(Moq.Mock)" line-rate="1" branch-rate="1" complexity="NaN">
              <lines />
            </method>
            <method name="As" signature="()" line-rate="1" branch-rate="1" complexity="1">
              <lines />
            </method>
            <method name="OnGetObject" signature="()" line-rate="1" branch-rate="1" complexity="1">
              <lines />
            </method>
            <method name="ToString" signature="()" line-rate="1" branch-rate="1" complexity="1">
              <lines />
            </method>
          </methods>
          <lines />
        </class>
        <class name="Moq.Async.Awaitable" filename="C:\projects\moq4\src\Moq\Async\Awaitable.cs" line-rate="1" branch-rate="1" complexity="NaN">
          <methods>
            <method name="TryGetResultRecursive" signature="(System.Object)" line-rate="1" branch-rate="1" complexity="NaN">
              <lines />
            </method>
          </methods>
          <lines />
        </class>
        <class name="Moq.Async.AwaitableFactory" filename="C:\projects\moq4\src\Moq\Async\AwaitableFactory.cs" line-rate="1" branch-rate="1" complexity="1">
          <methods>
            <method name=".cctor" signature="()" line-rate="1" branch-rate="1" complexity="1">
              <lines />
            </method>
            <method name="Create" signature="(System.Type,System.Type)" line-rate="1" branch-rate="1" complexity="NaN">
              <lines />
            </method>
            <method name="TryGet" signature="(System.Type)" line-rate="1" branch-rate="1" complexity="NaN">
              <lines />
            </method>
          </methods>
          <lines />
        </class>
        <class name="Moq.Async.AwaitableFactory`1" filename="C:\projects\moq4\src\Moq\Async\AwaitableFactory`1.cs" line-rate="1" branch-rate="1" complexity="NaN">
          <methods>
            <method name="Async.IAwaitableFactory.get_ResultType" signature="()" line-rate="1" branch-rate="1" complexity="NaN">
              <lines />
            </method>
            <method name="Moq.Async.IAwaitableFactory.CreateCompleted" signature="(System.Object)" line-rate="1" branch-rate="1" complexity="NaN">
              <lines />
            </method>
            <method name="Moq.Async.IAwaitableFactory.CreateFaulted" signature="(System.Exception)" line-rate="1" branch-rate="1" complexity="NaN">
              <lines />
            </method>
            <method name="Moq.Async.IAwaitableFactory.CreateFaulted" signature="(System.Collections.Generic.IEnumerable`1&lt;System.Exception&gt;)" line-rate="1" branch-rate="1" complexity="NaN">
              <lines />
            </method>
            <method name="Moq.Async.IAwaitableFactory.CreateResultExpression" signature="(System.Linq.Expressions.Expression)" line-rate="1" branch-rate="1" complexity="NaN">
              <lines />
            </method>
            <method name="Moq.Async.IAwaitableFactory.TryGetResult" signature="(System.Object,System.Object&amp;)" line-rate="1" branch-rate="1" complexity="NaN">
              <lines />
            </method>
          </methods>
          <lines />
        </class>
        <class name="Moq.Async.AwaitableFactory`2" filename="C:\projects\moq4\src\Moq\Async\AwaitableFactory`2.cs" line-rate="1" branch-rate="1" complexity="NaN">
          <methods>
            <method name="ResultType" signature="()" line-rate="1" branch-rate="1" complexity="NaN">
              <lines />
            </method>
            <method name="Moq.Async.IAwaitableFactory.CreateCompleted" signature="(System.Object)" line-rate="1" branch-rate="1" complexity="NaN">
              <lines />
            </method>
            <method name="Moq.Async.IAwaitableFactory.CreateFaulted" signature="(System.Exception)" line-rate="1" branch-rate="1" complexity="NaN">
              <lines />
            </method>
            <method name="Moq.Async.IAwaitableFactory.CreateFaulted" signature="(System.Collections.Generic.IEnumerable`1&lt;System.Exception&gt;)" line-rate="1" branch-rate="1" complexity="NaN">
              <lines />
            </method>
            <method name="Moq.Async.IAwaitableFactory.TryGetResult" signature="(System.Object,System.Object&amp;)" line-rate="1" branch-rate="1" complexity="NaN">
              <lines />
            </method>
          </methods>
          <lines />
        </class>
        <class name="Moq.Async.AwaitExpression" filename="C:\projects\moq4\src\Moq\Async\AwaitExpression.cs" line-rate="1" branch-rate="1" complexity="2">
          <methods>
            <method name="CanReduce" signature="()" line-rate="1" branch-rate="1" complexity="NaN">
              <lines />
            </method>
            <method name="NodeType" signature="()" line-rate="1" branch-rate="1" complexity="NaN">
              <lines />
            </method>
            <method name="Operand" signature="()" line-rate="1" branch-rate="1" complexity="NaN">
              <lines />
            </method>
            <method name="Type" signature="()" line-rate="1" branch-rate="1" complexity="NaN">
              <lines />
            </method>
            <method name=".ctor" signature="(System.Linq.Expressions.Expression,Moq.Async.IAwaitableFactory)" line-rate="1" branch-rate="1" complexity="NaN">
              <lines />
            </method>
            <method name="ToString" signature="()" line-rate="1" branch-rate="1" complexity="2">
              <lines />
            </method>
            <method name="VisitChildren" signature="(System.Linq.Expressions.ExpressionVisitor)" line-rate="1" branch-rate="1" complexity="NaN">
              <lines />
            </method>
          </methods>
          <lines />
        </class>
        <class name="Moq.Async.TaskFactory" filename="C:\projects\moq4\src\Moq\Async\TaskFactory.cs" line-rate="1" branch-rate="1" complexity="3">
          <methods>
            <method name=".ctor" signature="()" line-rate="1" branch-rate="1" complexity="1">
              <lines />
            </method>
            <method name="CreateCompleted" signature="()" line-rate="1" branch-rate="1" complexity="1">
              <lines />
            </method>
            <method name="CreateFaulted" signature="(System.Exception)" line-rate="1" branch-rate="1" complexity="NaN">
              <lines />
            </method>
            <method name="CreateFaulted" signature="(System.Collections.Generic.IEnumerable`1&lt;System.Exception&gt;)" line-rate="1" branch-rate="1" complexity="NaN">
              <lines />
            </method>
            <method name=".cctor" signature="()" line-rate="1" branch-rate="1" complexity="1">
              <lines />
            </method>
          </methods>
          <lines />
        </class>
        <class name="Moq.Async.TaskFactory`1" filename="C:\projects\moq4\src\Moq\Async\TaskFactory`1.cs" line-rate="1" branch-rate="1" complexity="NaN">
          <methods>
            <method name="CreateCompleted" signature="(TResult)" line-rate="1" branch-rate="1" complexity="NaN">
              <lines />
            </method>
            <method name="CreateFaulted" signature="(System.Exception)" line-rate="1" branch-rate="1" complexity="NaN">
              <lines />
            </method>
            <method name="CreateFaulted" signature="(System.Collections.Generic.IEnumerable`1&lt;System.Exception&gt;)" line-rate="1" branch-rate="1" complexity="NaN">
              <lines />
            </method>
            <method name="CreateResultExpression" signature="(System.Linq.Expressions.Expression)" line-rate="1" branch-rate="1" complexity="NaN">
              <lines />
            </method>
            <method name="TryGetResult" signature="(System.Threading.Tasks.Task`1&lt;TResult&gt;,TResult&amp;)" line-rate="1" branch-rate="1" complexity="NaN">
              <lines />
            </method>
          </methods>
          <lines />
        </class>
        <class name="Moq.Async.ValueTaskFactory" filename="C:\projects\moq4\src\Moq\Async\ValueTaskFactory.cs" line-rate="1" branch-rate="1" complexity="3">
          <methods>
            <method name=".ctor" signature="()" line-rate="1" branch-rate="1" complexity="1">
              <lines />
            </method>
            <method name="CreateCompleted" signature="()" line-rate="1" branch-rate="1" complexity="1">
              <lines />
            </method>
            <method name="CreateFaulted" signature="(System.Exception)" line-rate="1" branch-rate="1" complexity="NaN">
              <lines />
            </method>
            <method name="CreateFaulted" signature="(System.Collections.Generic.IEnumerable`1&lt;System.Exception&gt;)" line-rate="1" branch-rate="1" complexity="NaN">
              <lines />
            </method>
            <method name=".cctor" signature="()" line-rate="1" branch-rate="1" complexity="1">
              <lines />
            </method>
          </methods>
          <lines />
        </class>
        <class name="Moq.Async.ValueTaskFactory`1" filename="C:\projects\moq4\src\Moq\Async\ValueTaskFactory`1.cs" line-rate="1" branch-rate="1" complexity="NaN">
          <methods>
            <method name="CreateCompleted" signature="(TResult)" line-rate="1" branch-rate="1" complexity="NaN">
              <lines />
            </method>
            <method name="CreateFaulted" signature="(System.Exception)" line-rate="1" branch-rate="1" complexity="NaN">
              <lines />
            </method>
            <method name="CreateFaulted" signature="(System.Collections.Generic.IEnumerable`1&lt;System.Exception&gt;)" line-rate="1" branch-rate="1" complexity="NaN">
              <lines />
            </method>
            <method name="CreateResultExpression" signature="(System.Linq.Expressions.Expression)" line-rate="1" branch-rate="1" complexity="NaN">
              <lines />
            </method>
            <method name="TryGetResult" signature="(System.Threading.Tasks.ValueTask`1&lt;TResult&gt;,TResult&amp;)" line-rate="1" branch-rate="1" complexity="NaN">
              <lines />
            </method>
          </methods>
          <lines />
        </class>
        <class name="Moq.Behavior" filename="C:\projects\moq4\src\Moq\Behavior.cs" line-rate="1" branch-rate="1" complexity="1">
          <methods>
            <method name=".ctor" signature="()" line-rate="1" branch-rate="1" complexity="1">
              <lines />
            </method>
          </methods>
          <lines />
        </class>
        <class name="Moq.Behaviors.Callback" filename="C:\projects\moq4\src\Moq\Behaviors\Callback.cs" line-rate="1" branch-rate="1" complexity="NaN">
          <methods>
            <method name=".ctor" signature="(System.Action`1&lt;Moq.IInvocation&gt;)" line-rate="1" branch-rate="1" complexity="NaN">
              <lines />
            </method>
            <method name="Execute" signature="(Moq.Invocation)" line-rate="1" branch-rate="1" complexity="NaN">
              <lines />
            </method>
          </methods>
          <lines />
        </class>
        <class name="Moq.Behaviors.LimitInvocationCount" filename="C:\projects\moq4\src\Moq\Behaviors\LimitInvocationCount.cs" line-rate="1" branch-rate="1" complexity="1">
          <methods>
            <method name=".ctor" signature="(Moq.MethodCall,System.Int32)" line-rate="1" branch-rate="1" complexity="NaN">
              <lines />
            </method>
            <method name="Reset" signature="()" line-rate="1" branch-rate="1" complexity="1">
              <lines />
            </method>
            <method name="Execute" signature="(Moq.Invocation)" line-rate="1" branch-rate="1" complexity="NaN">
              <lines />
            </method>
          </methods>
          <lines />
        </class>
        <class name="Moq.Behaviors.NoOp" filename="C:\projects\moq4\src\Moq\Behaviors\NoOp.cs" line-rate="1" branch-rate="1" complexity="2">
          <methods>
            <method name=".ctor" signature="()" line-rate="1" branch-rate="1" complexity="1">
              <lines />
            </method>
            <method name="Execute" signature="(Moq.Invocation)" line-rate="1" branch-rate="1" complexity="NaN">
              <lines />
            </method>
            <method name=".cctor" signature="()" line-rate="1" branch-rate="1" complexity="1">
              <lines />
            </method>
          </methods>
          <lines />
        </class>
        <class name="Moq.Behaviors.RaiseEvent" filename="C:\projects\moq4\src\Moq\Behaviors\RaiseEvent.cs" line-rate="1" branch-rate="1" complexity="NaN">
          <methods>
            <method name=".ctor" signature="(Moq.Mock,System.Linq.Expressions.LambdaExpression,System.Delegate,System.Object[])" line-rate="1" branch-rate="1" complexity="NaN">
              <lines />
            </method>
            <method name="Execute" signature="(Moq.Invocation)" line-rate="1" branch-rate="1" complexity="NaN">
              <lines />
            </method>
          </methods>
          <lines />
        </class>
        <class name="Moq.Behaviors.ReturnBase" filename="C:\projects\moq4\src\Moq\Behaviors\ReturnBase.cs" line-rate="1" branch-rate="1" complexity="2">
          <methods>
            <method name=".ctor" signature="()" line-rate="1" branch-rate="1" complexity="1">
              <lines />
            </method>
            <method name="Execute" signature="(Moq.Invocation)" line-rate="1" branch-rate="1" complexity="NaN">
              <lines />
            </method>
            <method name=".cctor" signature="()" line-rate="1" branch-rate="1" complexity="1">
              <lines />
            </method>
          </methods>
          <lines />
        </class>
        <class name="Moq.Behaviors.ReturnBaseOrDefaultValue" filename="C:\projects\moq4\src\Moq\Behaviors\ReturnBaseOrDefaultValue.cs" line-rate="1" branch-rate="1" complexity="NaN">
          <methods>
            <method name=".ctor" signature="(Moq.Mock)" line-rate="1" branch-rate="1" complexity="NaN">
              <lines />
            </method>
            <method name="Execute" signature="(Moq.Invocation)" line-rate="1" branch-rate="1" complexity="NaN">
              <lines />
            </method>
          </methods>
          <lines />
        </class>
        <class name="Moq.Behaviors.ReturnComputedValue" filename="C:\projects\moq4\src\Moq\Behaviors\ReturnComputedValue.cs" line-rate="1" branch-rate="1" complexity="NaN">
          <methods>
            <method name=".ctor" signature="(System.Func`2&lt;Moq.IInvocation,System.Object&gt;)" line-rate="1" branch-rate="1" complexity="NaN">
              <lines />
            </method>
            <method name="Execute" signature="(Moq.Invocation)" line-rate="1" branch-rate="1" complexity="NaN">
              <lines />
            </method>
          </methods>
          <lines />
        </class>
        <class name="Moq.Behaviors.ReturnValue" filename="C:\projects\moq4\src\Moq\Behaviors\ReturnValue.cs" line-rate="1" branch-rate="1" complexity="NaN">
          <methods>
            <method name="Value" signature="()" line-rate="1" branch-rate="1" complexity="NaN">
              <lines />
            </method>
            <method name=".ctor" signature="(System.Object)" line-rate="1" branch-rate="1" complexity="NaN">
              <lines />
            </method>
            <method name="Execute" signature="(Moq.Invocation)" line-rate="1" branch-rate="1" complexity="NaN">
              <lines />
            </method>
          </methods>
          <lines />
        </class>
        <class name="Moq.Behaviors.ThrowComputedException" filename="C:\projects\moq4\src\Moq\Behaviors\ThrowComputedException.cs" line-rate="1" branch-rate="1" complexity="NaN">
          <methods>
            <method name=".ctor" signature="(System.Func`2&lt;Moq.IInvocation,System.Exception&gt;)" line-rate="1" branch-rate="1" complexity="NaN">
              <lines />
            </method>
            <method name="Execute" signature="(Moq.Invocation)" line-rate="1" branch-rate="1" complexity="NaN">
              <lines />
            </method>
          </methods>
          <lines />
        </class>
        <class name="Moq.Behaviors.ThrowException" filename="C:\projects\moq4\src\Moq\Behaviors\ThrowException.cs" line-rate="1" branch-rate="1" complexity="NaN">
          <methods>
            <method name=".ctor" signature="(System.Exception)" line-rate="1" branch-rate="1" complexity="NaN">
              <lines />
            </method>
            <method name="Execute" signature="(Moq.Invocation)" line-rate="1" branch-rate="1" complexity="NaN">
              <lines />
            </method>
          </methods>
          <lines />
        </class>
        <class name="Moq.Capture" filename="C:\projects\moq4\src\Moq\Capture.cs" line-rate="1" branch-rate="1" complexity="NaN">
          <methods>
            <method name="In" signature="(System.Collections.Generic.ICollection`1&lt;T&gt;)" line-rate="1" branch-rate="1" complexity="NaN">
              <lines />
            </method>
            <method name="In" signature="(System.Collections.Generic.IList`1&lt;T&gt;,System.Linq.Expressions.Expression`1&lt;System.Func`2&lt;T,System.Boolean&gt;&gt;)" line-rate="1" branch-rate="1" complexity="NaN">
              <lines />
            </method>
            <method name="With" signature="(Moq.CaptureMatch`1&lt;T&gt;)" line-rate="1" branch-rate="1" complexity="NaN">
              <lines />
            </method>
          </methods>
          <lines />
        </class>
        <class name="Moq.CaptureMatch`1" filename="C:\projects\moq4\src\Moq\CaptureMatch.cs" line-rate="1" branch-rate="1" complexity="1">
          <methods>
            <method name=".ctor" signature="(System.Action`1&lt;T&gt;)" line-rate="1" branch-rate="1" complexity="NaN">
              <lines />
            </method>
            <method name=".ctor" signature="(System.Action`1&lt;T&gt;,System.Linq.Expressions.Expression`1&lt;System.Func`2&lt;T,System.Boolean&gt;&gt;)" line-rate="1" branch-rate="1" complexity="NaN">
              <lines />
            </method>
            <method name="BuildCondition" signature="(System.Linq.Expressions.Expression`1&lt;System.Func`2&lt;T,System.Boolean&gt;&gt;)" line-rate="1" branch-rate="1" complexity="NaN">
              <lines />
            </method>
            <method name=".cctor" signature="()" line-rate="1" branch-rate="1" complexity="1">
              <lines />
            </method>
          </methods>
          <lines />
        </class>
        <class name="Moq.CastleProxyFactory" filename="C:\projects\moq4\src\Moq\Interception\CastleProxyFactory.cs" line-rate="1" branch-rate="1" complexity="4">
          <methods>
            <method name=".ctor" signature="()" line-rate="1" branch-rate="1" complexity="1">
              <lines />
            </method>
            <method name="CreateProxy" signature="(System.Type,Moq.IInterceptor,System.Type[],System.Object[])" line-rate="1" branch-rate="1" complexity="NaN">
              <lines />
            </method>
            <method name="IsMethodVisible" signature="(System.Reflection.MethodInfo,System.String&amp;)" line-rate="1" branch-rate="1" complexity="NaN">
              <lines />
            </method>
            <method name="IsTypeVisible" signature="(System.Type)" line-rate="1" branch-rate="1" complexity="NaN">
              <lines />
            </method>
            <method name=".ctor" signature="(Moq.IInterceptor)" line-rate="1" branch-rate="1" complexity="NaN">
              <lines />
            </method>
            <method name="Intercept" signature="(Castle.DynamicProxy.IInvocation)" line-rate="1" branch-rate="1" complexity="NaN">
              <lines />
            </method>
            <method name=".cctor" signature="()" line-rate="1" branch-rate="1" complexity="1">
              <lines />
            </method>
            <method name=".ctor" signature="(Castle.DynamicProxy.IInvocation)" line-rate="1" branch-rate="1" complexity="NaN">
              <lines />
            </method>
            <method name="CallBase" signature="()" line-rate="1" branch-rate="1" complexity="1">
              <lines />
            </method>
            <method name="DetachFromUnderlying" signature="()" line-rate="1" branch-rate="1" complexity="1">
              <lines />
            </method>
            <method name="ShouldInterceptMethod" signature="(System.Type,System.Reflection.MethodInfo)" line-rate="1" branch-rate="1" complexity="NaN">
              <lines />
            </method>
            <method name="IsRelevantObjectMethod" signature="(System.Reflection.MethodInfo)" line-rate="1" branch-rate="1" complexity="NaN">
              <lines />
            </method>
          </methods>
          <lines />
        </class>
        <class name="Moq.Condition" filename="C:\projects\moq4\src\Moq\Condition.cs" line-rate="1" branch-rate="1" complexity="2">
          <methods>
            <method name="IsTrue" signature="()" line-rate="1" branch-rate="1" complexity="NaN">
              <lines />
            </method>
            <method name=".ctor" signature="(System.Func`1&lt;System.Boolean&gt;,System.Action)" line-rate="1" branch-rate="1" complexity="NaN">
              <lines />
            </method>
            <method name="SetupEvaluatedSuccessfully" signature="()" line-rate="1" branch-rate="1" complexity="2">
              <lines />
            </method>
          </methods>
          <lines />
        </class>
        <class name="Moq.DefaultExpressionCompiler" filename="C:\projects\moq4\src\Moq\DefaultExpressionCompiler.cs" line-rate="1" branch-rate="1" complexity="2">
          <methods>
            <method name=".ctor" signature="()" line-rate="1" branch-rate="1" complexity="1">
              <lines />
            </method>
[...]
              <lines />
            </method>
            <method name="VerifySelf" signature="()" line-rate="1" branch-rate="1" complexity="2">
              <lines />
            </method>
            <method name="Reset" signature="()" line-rate="1" branch-rate="1" complexity="1">
              <lines />
            </method>
            <method name="ResetCore" signature="()" line-rate="1" branch-rate="1" complexity="1">
              <lines />
            </method>
            <method name="Verify" signature="(System.Boolean)" line-rate="1" branch-rate="1" complexity="NaN">
              <lines />
            </method>
            <method name="VerifyAll" signature="()" line-rate="1" branch-rate="1" complexity="2">
              <lines />
            </method>
            <method name="Verify" signature="(System.Boolean,System.Func`2&lt;Moq.ISetup,System.Boolean&gt;)" line-rate="1" branch-rate="1" complexity="NaN">
              <lines />
            </method>
            <method name="TryGetInnerMockFrom" signature="(System.Object)" line-rate="1" branch-rate="1" complexity="NaN">
              <lines />
            </method>
          </methods>
          <lines />
        </class>
        <class name="Moq.SetupCollection" filename="C:\projects\moq4\src\Moq\SetupCollection.cs" line-rate="1" branch-rate="1" complexity="14">
          <methods>
            <method name="Count" signature="()" line-rate="1" branch-rate="1" complexity="NaN">
              <lines />
            </method>
            <method name="Item" signature="(System.Int32)" line-rate="1" branch-rate="1" complexity="NaN">
              <lines />
            </method>
            <method name=".ctor" signature="()" line-rate="1" branch-rate="1" complexity="1">
              <lines />
            </method>
            <method name="Add" signature="(Moq.Setup)" line-rate="1" branch-rate="1" complexity="NaN">
              <lines />
            </method>
            <method name="MarkOverriddenSetups" signature="()" line-rate="1" branch-rate="1" complexity="5">
              <lines />
            </method>
            <method name="Clear" signature="()" line-rate="1" branch-rate="1" complexity="2">
              <lines />
            </method>
            <method name="FindAll" signature="(System.Func`2&lt;Moq.Setup,System.Boolean&gt;)" line-rate="1" branch-rate="1" complexity="NaN">
              <lines />
            </method>
            <method name="FindLast" signature="(System.Func`2&lt;Moq.Setup,System.Boolean&gt;)" line-rate="1" branch-rate="1" complexity="NaN">
              <lines />
            </method>
            <method name="Reset" signature="()" line-rate="1" branch-rate="1" complexity="3">
              <lines />
            </method>
            <method name="GetEnumerator" signature="()" line-rate="1" branch-rate="1" complexity="2">
              <lines />
            </method>
            <method name="System.Collections.IEnumerable.GetEnumerator" signature="()" line-rate="1" branch-rate="1" complexity="1">
              <lines />
            </method>
          </methods>
          <lines />
        </class>
        <class name="Moq.SetupWithOutParameterSupport" filename="C:\projects\moq4\src\Moq\SetupWithOutParameterSupport.cs" line-rate="1" branch-rate="1" complexity="NaN">
          <methods>
            <method name=".ctor" signature="(System.Linq.Expressions.Expression,Moq.Mock,Moq.MethodExpectation)" line-rate="1" branch-rate="1" complexity="NaN">
              <lines />
            </method>
            <method name="SetOutParameters" signature="(Moq.Invocation)" line-rate="1" branch-rate="1" complexity="NaN">
              <lines />
            </method>
            <method name="GetOutValues" signature="(System.Collections.Generic.IReadOnlyList`1&lt;System.Linq.Expressions.Expression&gt;,System.Reflection.ParameterInfo[])" line-rate="1" branch-rate="1" complexity="NaN">
              <lines />
            </method>
          </methods>
          <lines />
        </class>
        <class name="Moq.StringBuilderExtensions" filename="C:\projects\moq4\src\Moq\StringBuilderExtensions.AppendExpression.cs" line-rate="1" branch-rate="1" complexity="NaN">
          <methods>
            <method name="AppendExpression" signature="(System.Text.StringBuilder,System.Linq.Expressions.Expression)" line-rate="1" branch-rate="1" complexity="NaN">
              <lines />
            </method>
            <method name="AppendElementInit" signature="(System.Text.StringBuilder,System.Linq.Expressions.ElementInit)" line-rate="1" branch-rate="1" complexity="NaN">
              <lines />
            </method>
            <method name="AppendExpression" signature="(System.Text.StringBuilder,System.Linq.Expressions.UnaryExpression)" line-rate="1" branch-rate="1" complexity="NaN">
              <lines />
            </method>
            <method name="AppendExpression" signature="(System.Text.StringBuilder,System.Linq.Expressions.BinaryExpression)" line-rate="1" branch-rate="1" complexity="NaN">
              <lines />
            </method>
            <method name="AppendExpression" signature="(System.Text.StringBuilder,System.Linq.Expressions.TypeBinaryExpression)" line-rate="1" branch-rate="1" complexity="NaN">
              <lines />
            </method>
            <method name="AppendExpression" signature="(System.Text.StringBuilder,System.Linq.Expressions.ConditionalExpression)" line-rate="1" branch-rate="1" complexity="NaN">
              <lines />
            </method>
            <method name="AppendExpression" signature="(System.Text.StringBuilder,System.Linq.Expressions.ParameterExpression)" line-rate="1" branch-rate="1" complexity="NaN">
              <lines />
            </method>
            <method name="AppendExpression" signature="(System.Text.StringBuilder,System.Linq.Expressions.MemberExpression)" line-rate="1" branch-rate="1" complexity="NaN">
              <lines />
            </method>
            <method name="AppendExpression" signature="(System.Text.StringBuilder,System.Linq.Expressions.MethodCallExpression)" line-rate="1" branch-rate="1" complexity="NaN">
              <lines />
            </method>
            <method name="AppendExpression" signature="(System.Text.StringBuilder,System.Linq.Expressions.IndexExpression)" line-rate="1" branch-rate="1" complexity="NaN">
              <lines />
            </method>
            <method name="AppendExpression" signature="(System.Text.StringBuilder,System.Linq.Expressions.LambdaExpression)" line-rate="1" branch-rate="1" complexity="NaN">
              <lines />
            </method>
            <method name="AppendExpression" signature="(System.Text.StringBuilder,System.Linq.Expressions.NewExpression)" line-rate="1" branch-rate="1" complexity="NaN">
              <lines />
            </method>
            <method name="AppendExpression" signature="(System.Text.StringBuilder,System.Linq.Expressions.NewArrayExpression)" line-rate="1" branch-rate="1" complexity="NaN">
              <lines />
            </method>
            <method name="AppendExpression" signature="(System.Text.StringBuilder,System.Linq.Expressions.InvocationExpression)" line-rate="1" branch-rate="1" complexity="NaN">
              <lines />
            </method>
            <method name="AppendExpression" signature="(System.Text.StringBuilder,System.Linq.Expressions.MemberInitExpression)" line-rate="1" branch-rate="1" complexity="NaN">
              <lines />
            </method>
            <method name="AppendExpression" signature="(System.Text.StringBuilder,System.Linq.Expressions.ListInitExpression)" line-rate="1" branch-rate="1" complexity="NaN">
              <lines />
            </method>
            <method name="AppendExpression" signature="(System.Text.StringBuilder,Moq.MatchExpression)" line-rate="1" branch-rate="1" complexity="NaN">
              <lines />
            </method>
          </methods>
          <lines />
        </class>
        <class name="Moq.StringBuilderExtensions" filename="C:\projects\moq4\src\Moq\StringBuilderExtensions.cs" line-rate="1" branch-rate="1" complexity="NaN">
          <methods>
            <method name="Append" signature="(System.Text.StringBuilder,System.String,System.Int32)" line-rate="1" branch-rate="1" complexity="NaN">
              <lines />
            </method>
            <method name="AppendCommaSeparated" signature="(System.Text.StringBuilder,System.String,System.Collections.Generic.IEnumerable`1&lt;T&gt;,System.Func`3&lt;System.Text.StringBuilder,T,System.Text.StringBuilder&gt;,System.String)" line-rate="1" branch-rate="1" complexity="NaN">
              <lines />
            </method>
            <method name="AppendCommaSeparated" signature="(System.Text.StringBuilder,System.Collections.Generic.IEnumerable`1&lt;T&gt;,System.Func`3&lt;System.Text.StringBuilder,T,System.Text.StringBuilder&gt;)" line-rate="1" branch-rate="1" complexity="NaN">
              <lines />
            </method>
            <method name="AppendIndented" signature="(System.Text.StringBuilder,System.String,System.Int32,System.Char)" line-rate="1" branch-rate="1" complexity="NaN">
              <lines />
            </method>
            <method name="AppendNameOf" signature="(System.Text.StringBuilder,System.Reflection.MethodBase,System.Boolean)" line-rate="1" branch-rate="1" complexity="NaN">
              <lines />
            </method>
            <method name="AppendNameOf" signature="(System.Text.StringBuilder,System.Type)" line-rate="1" branch-rate="1" complexity="NaN">
              <lines />
            </method>
            <method name="AppendParameterType" signature="(System.Text.StringBuilder,System.Reflection.ParameterInfo)" line-rate="1" branch-rate="1" complexity="NaN">
              <lines />
            </method>
            <method name="AppendValueOf" signature="(System.Text.StringBuilder,System.Object)" line-rate="1" branch-rate="1" complexity="NaN">
              <lines />
            </method>
            <method name="TrimEnd" signature="(System.Text.StringBuilder)" line-rate="1" branch-rate="1" complexity="NaN">
              <lines />
            </method>
          </methods>
          <lines />
        </class>
        <class name="Moq.StubbedPropertiesSetup" filename="C:\projects\moq4\src\Moq\StubbedPropertiesSetup.cs" line-rate="1" branch-rate="1" complexity="7">
          <methods>
            <method name="DefaultValueProvider" signature="()" line-rate="1" branch-rate="1" complexity="NaN">
              <lines />
            </method>
            <method name=".ctor" signature="(Moq.Mock,Moq.DefaultValueProvider)" line-rate="1" branch-rate="1" complexity="NaN">
              <lines />
            </method>
            <method name="SetProperty" signature="(System.String,System.Object)" line-rate="1" branch-rate="1" complexity="NaN">
              <lines />
            </method>
            <method name="ExecuteCore" signature="(Moq.Invocation)" line-rate="1" branch-rate="1" complexity="NaN">
              <lines />
            </method>
            <method name="VerifySelf" signature="()" line-rate="1" branch-rate="1" complexity="1">
              <lines />
            </method>
            <method name="Expression" signature="()" line-rate="1" branch-rate="1" complexity="NaN">
              <lines />
            </method>
            <method name=".ctor" signature="(Moq.Mock)" line-rate="1" branch-rate="1" complexity="NaN">
              <lines />
            </method>
            <method name="Equals" signature="(Moq.Expectation)" line-rate="1" branch-rate="1" complexity="NaN">
              <lines />
            </method>
            <method name="GetHashCode" signature="()" line-rate="1" branch-rate="1" complexity="1">
              <lines />
            </method>
            <method name="IsMatch" signature="(Moq.Invocation)" line-rate="1" branch-rate="1" complexity="NaN">
              <lines />
            </method>
            <method name="get_InnerMocks" signature="()" line-rate="1" branch-rate="1" complexity="5">
              <lines />
            </method>
          </methods>
          <lines />
        </class>
        <class name="Moq.StubbedPropertySetup" filename="C:\projects\moq4\src\Moq\StubbedPropertySetup.cs" line-rate="1" branch-rate="1" complexity="11">
          <methods>
            <method name=".ctor" signature="(Moq.Mock,System.Linq.Expressions.LambdaExpression,System.Reflection.MethodInfo,System.Reflection.MethodInfo,System.Object)" line-rate="1" branch-rate="1" complexity="NaN">
              <lines />
            </method>
            <method name="ExecuteCore" signature="(Moq.Invocation)" line-rate="1" branch-rate="1" complexity="NaN">
              <lines />
            </method>
            <method name="ToString" signature="()" line-rate="1" branch-rate="1" complexity="1">
              <lines />
            </method>
            <method name="VerifySelf" signature="()" line-rate="1" branch-rate="1" complexity="1">
              <lines />
            </method>
            <method name="Expression" signature="()" line-rate="1" branch-rate="1" complexity="NaN">
              <lines />
            </method>
            <method name=".ctor" signature="(System.Linq.Expressions.LambdaExpression,System.Reflection.MethodInfo,System.Reflection.MethodInfo)" line-rate="1" branch-rate="1" complexity="NaN">
              <lines />
            </method>
            <method name="Equals" signature="(Moq.Expectation)" line-rate="1" branch-rate="1" complexity="NaN">
              <lines />
            </method>
            <method name="GetHashCode" signature="()" line-rate="1" branch-rate="1" complexity="5">
              <lines />
            </method>
            <method name="IsMatch" signature="(Moq.Invocation)" line-rate="1" branch-rate="1" complexity="NaN">
              <lines />
            </method>
            <method name="get_InnerMocks" signature="()" line-rate="1" branch-rate="1" complexity="4">
              <lines />
            </method>
          </methods>
          <lines />
        </class>
        <class name="Moq.Times" filename="C:\projects\moq4\src\Moq\Times.cs" line-rate="1" branch-rate="1" complexity="16">
          <methods>
            <method name=".ctor" signature="(Moq.Times/Kind,System.Int32,System.Int32)" line-rate="1" branch-rate="1" complexity="NaN">
              <lines />
            </method>
            <method name="Deconstruct" signature="(System.Int32&amp;,System.Int32&amp;)" line-rate="1" branch-rate="1" complexity="NaN">
              <lines />
            </method>
            <method name="AtLeast" signature="(System.Int32)" line-rate="1" branch-rate="1" complexity="NaN">
              <lines />
            </method>
            <method name="AtLeastOnce" signature="()" line-rate="1" branch-rate="1" complexity="1">
              <lines />
            </method>
            <method name="AtMost" signature="(System.Int32)" line-rate="1" branch-rate="1" complexity="NaN">
              <lines />
            </method>
            <method name="AtMostOnce" signature="()" line-rate="1" branch-rate="1" complexity="1">
              <lines />
            </method>
            <method name="Between" signature="(System.Int32,System.Int32,Moq.Range)" line-rate="1" branch-rate="1" complexity="NaN">
              <lines />
            </method>
            <method name="Exactly" signature="(System.Int32)" line-rate="1" branch-rate="1" complexity="NaN">
              <lines />
            </method>
            <method name="Never" signature="()" line-rate="1" branch-rate="1" complexity="1">
              <lines />
            </method>
            <method name="Once" signature="()" line-rate="1" branch-rate="1" complexity="1">
              <lines />
            </method>
            <method name="Equals" signature="(Moq.Times)" line-rate="1" branch-rate="1" complexity="NaN">
              <lines />
            </method>
            <method name="Equals" signature="(System.Object)" line-rate="1" branch-rate="1" complexity="NaN">
              <lines />
            </method>
            <method name="GetHashCode" signature="()" line-rate="1" branch-rate="1" complexity="1">
              <lines />
            </method>
            <method name="op_Equality" signature="(Moq.Times,Moq.Times)" line-rate="1" branch-rate="1" complexity="NaN">
              <lines />
            </method>
            <method name="op_Inequality" signature="(Moq.Times,Moq.Times)" line-rate="1" branch-rate="1" complexity="NaN">
              <lines />
            </method>
            <method name="ToString" signature="()" line-rate="1" branch-rate="1" complexity="11">
              <lines />
            </method>
            <method name="GetExceptionMessage" signature="(System.Int32)" line-rate="1" branch-rate="1" complexity="NaN">
              <lines />
            </method>
            <method name="Validate" signature="(System.Int32)" line-rate="1" branch-rate="1" complexity="NaN">
              <lines />
            </method>
          </methods>
          <lines />
        </class>
        <class name="Moq.TypeMatcherAttribute" filename="C:\projects\moq4\src\Moq\TypeMatcherAttribute.cs" line-rate="1" branch-rate="1" complexity="1">
          <methods>
            <method name="Type" signature="()" line-rate="1" branch-rate="1" complexity="NaN">
              <lines />
            </method>
            <method name=".ctor" signature="()" line-rate="1" branch-rate="1" complexity="1">
              <lines />
            </method>
            <method name=".ctor" signature="(System.Type)" line-rate="1" branch-rate="1" complexity="NaN">
              <lines />
            </method>
          </methods>
          <lines />
        </class>
        <class name="TypeNameFormatter.TypeName" filename="C:\projects\moq4\src\Moq\obj\TypeNameFormatter.cs" line-rate="1" branch-rate="1" complexity="1">
          <methods>
            <method name=".cctor" signature="()" line-rate="1" branch-rate="1" complexity="1">
              <lines />
            </method>
            <method name="AppendFormattedName" signature="(System.Text.StringBuilder,System.Type,TypeNameFormatter.TypeNameFormatOptions)" line-rate="1" branch-rate="1" complexity="NaN">
              <lines />
            </method>
            <method name="GetFormattedName" signature="(System.Type,TypeNameFormatter.TypeNameFormatOptions)" line-rate="1" branch-rate="1" complexity="NaN">
              <lines />
            </method>
            <method name="AppendFormattedName" signature="(System.Text.StringBuilder,System.Type,TypeNameFormatter.TypeNameFormatOptions,System.Type)" line-rate="1" branch-rate="1" complexity="NaN">
              <lines />
            </method>
            <method name="IsSet" signature="(TypeNameFormatter.TypeNameFormatOptions,TypeNameFormatter.TypeNameFormatOptions)" line-rate="1" branch-rate="1" complexity="NaN">
              <lines />
            </method>
            <method name="GetDeclaredProperties" signature="(System.Type)" line-rate="1" branch-rate="1" complexity="NaN">
              <lines />
            </method>
            <method name="GetGenericTypeArguments" signature="(System.Type)" line-rate="1" branch-rate="1" complexity="NaN">
              <lines />
            </method>
            <method name="IsGenericType" signature="(System.Type)" line-rate="1" branch-rate="1" complexity="NaN">
              <lines />
            </method>
            <method name="IsConstructedGenericType" signature="(System.Type)" line-rate="1" branch-rate="1" complexity="NaN">
              <lines />
            </method>
          </methods>
          <lines />
        </class>
      </classes>
    </package>
  </packages>
</coverage>