<?xml version="1.0" encoding="utf-8"?>
<CoverageSession xmlns:xsd="http://www.w3.org/2001/XMLSchema" xmlns:xsi="http://www.w3.org/2001/XMLSchema-instance" Version="4.7.922.0">
  <Summary numSequencePoints="102" visitedSequencePoints="102" numBranchPoints="34" visitedBranchPoints="34" sequenceCoverage="100" branchCoverage="100" maxCyclomaticComplexity="6" minCyclomaticComplexity="1" maxCrapScore="6" minCrapScore="1" visitedClasses="4" numClasses="4" visitedMethods="16" numMethods="16" />
  <Modules>
    <Module hash="B2-28-6E-90-41-FB-71-FA-32-A2-45-57-12-15-F4-DB-8D-D0-57-1D">
      <Summary numSequencePoints="35" visitedSequencePoints="35" numBranchPoints="10" visitedBranchPoints="10" sequenceCoverage="100" branchCoverage="100" maxCyclomaticComplexity="1" minCyclomaticComplexity="1" maxCrapScore="1" minCrapScore="1" visitedClasses="1" numClasses="1" visitedMethods="10" numMethods="10" />
      <ModulePath>C:\Users\Adnim\source\repos\SearchEngine\Recommender.UnitTesting\bin\Debug\fine-code-coverage\build-output\Recommender.UnitTesting.dll</ModulePath>
      <ModuleTime>2023-03-01T03:23:30.5975618Z</ModuleTime>
      <ModuleName>Recommender.UnitTesting</ModuleName>
      <Files>
        <File uid="1" fullPath="C:\Users\Adnim\source\repos\SearchEngine\Recommender.UnitTesting\PearsonCoefficient_Test.cs" />
      </Files>
      <Classes>
        <Class>
          <Summary numSequencePoints="35" visitedSequencePoints="35" numBranchPoints="10" visitedBranchPoints="10" sequenceCoverage="100" branchCoverage="100" maxCyclomaticComplexity="1" minCyclomaticComplexity="1" maxCrapScore="1" minCrapScore="1" visitedClasses="1" numClasses="1" visitedMethods="10" numMethods="10" />
          <FullName>Recommender.UnitTesting.PearsonCoefficient_Test</FullName>
          <Methods>
            <Method visited="true" cyclomaticComplexity="1" nPathComplexity="0" sequenceCoverage="100" branchCoverage="100" crapScore="1" isConstructor="false" isStatic="false" isGetter="false" isSetter="false">
              <Summary numSequencePoints="3" visitedSequencePoints="3" numBranchPoints="1" visitedBranchPoints="1" sequenceCoverage="100" branchCoverage="100" maxCyclomaticComplexity="1" minCyclomaticComplexity="1" maxCrapScore="1" minCrapScore="1" visitedClasses="0" numClasses="0" visitedMethods="1" numMethods="1" />
              <MetadataToken>100663297</MetadataToken>
              <Name>System.Void Recommender.UnitTesting.PearsonCoefficient_Test::Init()</Name>
              <FileRef uid="1" />
              <SequencePoints>
                <SequencePoint vc="7" uspid="1" ordinal="0" offset="0" sl="15" sc="9" el="15" ec="10" bec="0" bev="0" fileid="1" />
                <SequencePoint vc="7" uspid="2" ordinal="1" offset="1" sl="16" sc="12" el="16" ec="42" bec="0" bev="0" fileid="1" />
                <SequencePoint vc="7" uspid="3" ordinal="2" offset="12" sl="17" sc="9" el="17" ec="10" bec="0" bev="0" fileid="1" />
              </SequencePoints>
              <BranchPoints />
              <MethodPoint xsi:type="SequencePoint" vc="7" uspid="1" ordinal="0" offset="0" sl="15" sc="9" el="15" ec="10" bec="0" bev="0" fileid="1" />
            </Method>
            <Method visited="true" cyclomaticComplexity="1" nPathComplexity="0" sequenceCoverage="100" branchCoverage="100" crapScore="1" isConstructor="false" isStatic="false" isGetter="false" isSetter="false">
              <Summary numSequencePoints="3" visitedSequencePoints="3" numBranchPoints="1" visitedBranchPoints="1" sequenceCoverage="100" branchCoverage="100" maxCyclomaticComplexity="1" minCyclomaticComplexity="1" maxCrapScore="1" minCrapScore="1" visitedClasses="0" numClasses="0" visitedMethods="1" numMethods="1" />
              <MetadataToken>100663298</MetadataToken>
              <Name>System.Void Recommender.UnitTesting.PearsonCoefficient_Test::CleanUp()</Name>
              <FileRef uid="1" />
              <SequencePoints>
                <SequencePoint vc="7" uspid="4" ordinal="0" offset="0" sl="20" sc="9" el="20" ec="10" bec="0" bev="0" fileid="1" />
                <SequencePoint vc="7" uspid="5" ordinal="1" offset="1" sl="21" sc="13" el="21" ec="23" bec="0" bev="0" fileid="1" />
                <SequencePoint vc="7" uspid="6" ordinal="2" offset="8" sl="22" sc="9" el="22" ec="10" bec="0" bev="0" fileid="1" />
              </SequencePoints>
              <BranchPoints />
              <MethodPoint xsi:type="SequencePoint" vc="7" uspid="4" ordinal="0" offset="0" sl="20" sc="9" el="20" ec="10" bec="0" bev="0" fileid="1" />
            </Method>
            <Method visited="true" cyclomaticComplexity="1" nPathComplexity="0" sequenceCoverage="100" branchCoverage="100" crapScore="1" isConstructor="false" isStatic="false" isGetter="false" isSetter="false">
              <Summary numSequencePoints="4" visitedSequencePoints="4" numBranchPoints="1" visitedBranchPoints="1" sequenceCoverage="100" branchCoverage="100" maxCyclomaticComplexity="1" minCyclomaticComplexity="1" maxCrapScore="1" minCrapScore="1" visitedClasses="0" numClasses="0" visitedMethods="1" numMethods="1" />
              <MetadataToken>100663299</MetadataToken>
              <Name>System.Void Recommender.UnitTesting.PearsonCoefficient_Test::TestListsOfSameLength()</Name>
              <FileRef uid="1" />
              <SequencePoints>
                <SequencePoint vc="1" uspid="7" ordinal="0" offset="0" sl="25" sc="9" el="25" ec="10" bec="0" bev="0" fileid="1" />
                <SequencePoint vc="1" uspid="8" ordinal="1" offset="1" sl="26" sc="13" el="26" ec="98" bec="0" bev="0" fileid="1" />
                <SequencePoint vc="1" uspid="9" ordinal="2" offset="74" sl="27" sc="13" el="27" ec="39" bec="0" bev="0" fileid="1" />
                <SequencePoint vc="1" uspid="10" ordinal="3" offset="90" sl="28" sc="9" el="28" ec="10" bec="0" bev="0" fileid="1" />
              </SequencePoints>
              <BranchPoints />
              <MethodPoint xsi:type="SequencePoint" vc="1" uspid="7" ordinal="0" offset="0" sl="25" sc="9" el="25" ec="10" bec="0" bev="0" fileid="1" />
            </Method>
            <Method visited="true" cyclomaticComplexity="1" nPathComplexity="0" sequenceCoverage="100" branchCoverage="100" crapScore="1" isConstructor="false" isStatic="false" isGetter="false" isSetter="false">
              <Summary numSequencePoints="4" visitedSequencePoints="4" numBranchPoints="1" visitedBranchPoints="1" sequenceCoverage="100" branchCoverage="100" maxCyclomaticComplexity="1" minCyclomaticComplexity="1" maxCrapScore="1" minCrapScore="1" visitedClasses="0" numClasses="0" visitedMethods="1" numMethods="1" />
              <MetadataToken>100663300</MetadataToken>
              <Name>System.Void Recommender.UnitTesting.PearsonCoefficient_Test::TestListsOfBaseLengthLarger_1()</Name>
              <FileRef uid="1" />
              <SequencePoints>
                <SequencePoint vc="1" uspid="11" ordinal="0" offset="0" sl="31" sc="9" el="31" ec="10" bec="0" bev="0" fileid="1" />
                <SequencePoint vc="1" uspid="12" ordinal="1" offset="1" sl="32" sc="13" el="32" ec="98" bec="0" bev="0" fileid="1" />
                <SequencePoint vc="1" uspid="13" ordinal="2" offset="81" sl="33" sc="13" el="33" ec="46" bec="0" bev="0" fileid="1" />
                <SequencePoint vc="1" uspid="14" ordinal="3" offset="97" sl="34" sc="9" el="34" ec="10" bec="0" bev="0" fileid="1" />
              </SequencePoints>
              <BranchPoints />
              <MethodPoint xsi:type="SequencePoint" vc="1" uspid="11" ordinal="0" offset="0" sl="31" sc="9" el="31" ec="10" bec="0" bev="0" fileid="1" />
            </Method>
            <Method visited="true" cyclomaticComplexity="1" nPathComplexity="0" sequenceCoverage="100" branchCoverage="100" crapScore="1" isConstructor="false" isStatic="false" isGetter="false" isSetter="false">
              <Summary numSequencePoints="4" visitedSequencePoints="4" numBranchPoints="1" visitedBranchPoints="1" sequenceCoverage="100" branchCoverage="100" maxCyclomaticComplexity="1" minCyclomaticComplexity="1" maxCrapScore="1" minCrapScore="1" visitedClasses="0" numClasses="0" visitedMethods="1" numMethods="1" />
              <MetadataToken>100663301</MetadataToken>
              <Name>System.Void Recommender.UnitTesting.PearsonCoefficient_Test::TestListsOfBaseLengthLarger_2()</Name>
              <FileRef uid="1" />
              <SequencePoints>
                <SequencePoint vc="1" uspid="15" ordinal="0" offset="0" sl="37" sc="9" el="37" ec="10" bec="0" bev="0" fileid="1" />
                <SequencePoint vc="1" uspid="16" ordinal="1" offset="1" sl="38" sc="13" el="38" ec="105" bec="0" bev="0" fileid="1" />
                <SequencePoint vc="1" uspid="17" ordinal="2" offset="82" sl="39" sc="13" el="39" ec="46" bec="0" bev="0" fileid="1" />
                <SequencePoint vc="1" uspid="18" ordinal="3" offset="98" sl="40" sc="9" el="40" ec="10" bec="0" bev="0" fileid="1" />
              </SequencePoints>
              <BranchPoints />
              <MethodPoint xsi:type="SequencePoint" vc="1" uspid="15" ordinal="0" offset="0" sl="37" sc="9" el="37" ec="10" bec="0" bev="0" fileid="1" />
            </Method>
            <Method visited="true" cyclomaticComplexity="1" nPathComplexity="0" sequenceCoverage="100" branchCoverage="100" crapScore="1" isConstructor="false" isStatic="false" isGetter="false" isSetter="false">
              <Summary numSequencePoints="4" visitedSequencePoints="4" numBranchPoints="1" visitedBranchPoints="1" sequenceCoverage="100" branchCoverage="100" maxCyclomaticComplexity="1" minCyclomaticComplexity="1" maxCrapScore="1" minCrapScore="1" visitedClasses="0" numClasses="0" visitedMethods="1" numMethods="1" />
              <MetadataToken>100663302</MetadataToken>
              <Name>System.Void Recommender.UnitTesting.PearsonCoefficient_Test::TestListsOfOtherLengthLarger_1()</Name>
              <FileRef uid="1" />
              <SequencePoints>
                <SequencePoint vc="1" uspid="19" ordinal="0" offset="0" sl="43" sc="9" el="43" ec="10" bec="0" bev="0" fileid="1" />
                <SequencePoint vc="1" uspid="20" ordinal="1" offset="1" sl="44" sc="13" el="44" ec="103" bec="0" bev="0" fileid="1" />
                <SequencePoint vc="1" uspid="21" ordinal="2" offset="81" sl="45" sc="13" el="45" ec="46" bec="0" bev="0" fileid="1" />
                <SequencePoint vc="1" uspid="22" ordinal="3" offset="97" sl="46" sc="9" el="46" ec="10" bec="0" bev="0" fileid="1" />
              </SequencePoints>
              <BranchPoints />
              <MethodPoint xsi:type="SequencePoint" vc="1" uspid="19" ordinal="0" offset="0" sl="43" sc="9" el="43" ec="10" bec="0" bev="0" fileid="1" />
            </Method>
            <Method visited="true" cyclomaticComplexity="1" nPathComplexity="0" sequenceCoverage="100" branchCoverage="100" crapScore="1" isConstructor="false" isStatic="false" isGetter="false" isSetter="false">
              <Summary numSequencePoints="4" visitedSequencePoints="4" numBranchPoints="1" visitedBranchPoints="1" sequenceCoverage="100" branchCoverage="100" maxCyclomaticComplexity="1" minCyclomaticComplexity="1" maxCrapScore="1" minCrapScore="1" visitedClasses="0" numClasses="0" visitedMethods="1" numMethods="1" />
              <MetadataToken>100663303</MetadataToken>
              <Name>System.Void Recommender.UnitTesting.PearsonCoefficient_Test::TestListsOfOtherLengthLarger_2()</Name>
              <FileRef uid="1" />
              <SequencePoints>
                <SequencePoint vc="1" uspid="23" ordinal="0" offset="0" sl="49" sc="9" el="49" ec="10" bec="0" bev="0" fileid="1" />
                <SequencePoint vc="1" uspid="24" ordinal="1" offset="1" sl="50" sc="13" el="50" ec="105" bec="0" bev="0" fileid="1" />
                <SequencePoint vc="1" uspid="25" ordinal="2" offset="82" sl="51" sc="13" el="51" ec="46" bec="0" bev="0" fileid="1" />
                <SequencePoint vc="1" uspid="26" ordinal="3" offset="98" sl="52" sc="9" el="52" ec="10" bec="0" bev="0" fileid="1" />
              </SequencePoints>
              <BranchPoints />
              <MethodPoint xsi:type="SequencePoint" vc="1" uspid="23" ordinal="0" offset="0" sl="49" sc="9" el="49" ec="10" bec="0" bev="0" fileid="1" />
            </Method>
            <Method visited="true" cyclomaticComplexity="1" nPathComplexity="0" sequenceCoverage="100" branchCoverage="100" crapScore="1" isConstructor="false" isStatic="false" isGetter="false" isSetter="false">
              <Summary numSequencePoints="4" visitedSequencePoints="4" numBranchPoints="1" visitedBranchPoints="1" sequenceCoverage="100" branchCoverage="100" maxCyclomaticComplexity="1" minCyclomaticComplexity="1" maxCrapScore="1" minCrapScore="1" visitedClasses="0" numClasses="0" visitedMethods="1" numMethods="1" />
              <MetadataToken>100663304</MetadataToken>
              <Name>System.Void Recommender.UnitTesting.PearsonCoefficient_Test::TestListsWithZeros()</Name>
              <FileRef uid="1" />
              <SequencePoints>
                <SequencePoint vc="1" uspid="27" ordinal="0" offset="0" sl="55" sc="9" el="55" ec="10" bec="0" bev="0" fileid="1" />
                <SequencePoint vc="1" uspid="28" ordinal="1" offset="1" sl="56" sc="13" el="56" ec="106" bec="0" bev="0" fileid="1" />
                <SequencePoint vc="1" uspid="29" ordinal="2" offset="89" sl="57" sc="13" el="57" ec="46" bec="0" bev="0" fileid="1" />
                <SequencePoint vc="1" uspid="30" ordinal="3" offset="105" sl="58" sc="9" el="58" ec="10" bec="0" bev="0" fileid="1" />
              </SequencePoints>
              <BranchPoints />
              <MethodPoint xsi:type="SequencePoint" vc="1" uspid="27" ordinal="0" offset="0" sl="55" sc="9" el="55" ec="10" bec="0" bev="0" fileid="1" />
            </Method>
            <Method visited="true" cyclomaticComplexity="1" nPathComplexity="0" sequenceCoverage="100" branchCoverage="100" crapScore="1" isConstructor="false" isStatic="false" isGetter="false" isSetter="false">
              <Summary numSequencePoints="4" visitedSequencePoints="4" numBranchPoints="1" visitedBranchPoints="1" sequenceCoverage="100" branchCoverage="100" maxCyclomaticComplexity="1" minCyclomaticComplexity="1" maxCrapScore="1" minCrapScore="1" visitedClasses="0" numClasses="0" visitedMethods="1" numMethods="1" />
              <MetadataToken>100663305</MetadataToken>
              <Name>System.Void Recommender.UnitTesting.PearsonCoefficient_Test::TestListsWithTen()</Name>
              <FileRef uid="1" />
              <SequencePoints>
                <SequencePoint vc="1" uspid="31" ordinal="0" offset="0" sl="62" sc="9" el="62" ec="10" bec="0" bev="0" fileid="1" />
                <SequencePoint vc="1" uspid="32" ordinal="1" offset="1" sl="63" sc="13" el="63" ec="109" bec="0" bev="0" fileid="1" />
                <SequencePoint vc="1" uspid="33" ordinal="2" offset="90" sl="64" sc="13" el="64" ec="41" bec="0" bev="0" fileid="1" />
                <SequencePoint vc="1" uspid="34" ordinal="3" offset="106" sl="65" sc="9" el="65" ec="10" bec="0" bev="0" fileid="1" />
              </SequencePoints>
              <BranchPoints />
              <MethodPoint xsi:type="SequencePoint" vc="1" uspid="31" ordinal="0" offset="0" sl="62" sc="9" el="62" ec="10" bec="0" bev="0" fileid="1" />
            </Method>
            <Method visited="true" cyclomaticComplexity="1" nPathComplexity="0" sequenceCoverage="100" branchCoverage="100" crapScore="1" isConstructor="true" isStatic="false" isGetter="false" isSetter="false">
              <Summary numSequencePoints="1" visitedSequencePoints="1" numBranchPoints="1" visitedBranchPoints="1" sequenceCoverage="100" branchCoverage="100" maxCyclomaticComplexity="1" minCyclomaticComplexity="1" maxCrapScore="1" minCrapScore="1" visitedClasses="0" numClasses="0" visitedMethods="1" numMethods="1" />
              <MetadataToken>100663306</MetadataToken>
              <Name>System.Void Recommender.UnitTesting.PearsonCoefficient_Test::.ctor()</Name>
              <FileRef uid="1" />
              <SequencePoints>
                <SequencePoint vc="7" uspid="35" ordinal="0" offset="0" sl="12" sc="9" el="12" ec="46" bec="0" bev="0" fileid="1" />
              </SequencePoints>
              <BranchPoints />
              <MethodPoint xsi:type="SequencePoint" vc="7" uspid="35" ordinal="0" offset="0" sl="12" sc="9" el="12" ec="46" bec="0" bev="0" fileid="1" />
            </Method>
          </Methods>
        </Class>
      </Classes>
    </Module>
    <Module hash="A9-48-C5-98-29-1F-6C-78-26-E3-BB-66-A5-82-88-31-3D-2D-51-5B">
      <Summary numSequencePoints="67" visitedSequencePoints="67" numBranchPoints="24" visitedBranchPoints="24" sequenceCoverage="100" branchCoverage="100" maxCyclomaticComplexity="6" minCyclomaticComplexity="1" maxCrapScore="6" minCrapScore="1" visitedClasses="3" numClasses="3" visitedMethods="6" numMethods="6" />
      <ModulePath>C:\Users\Adnim\source\repos\SearchEngine\Recommender.UnitTesting\bin\Debug\fine-code-coverage\build-output\AIRecommendationEngine.CoreRecommender.dll</ModulePath>
      <ModuleTime>2023-03-01T03:23:30.2038895Z</ModuleTime>
      <ModuleName>AIRecommendationEngine.CoreRecommender</ModuleName>
      <Files>
        <File uid="3" fullPath="C:\Users\Adnim\source\repos\SearchEngine\AIRecommendationEngine.CoreRecommender\PearsonCoefficient.cs" />
      </Files>
      <Classes>
        <Class>
          <Summary numSequencePoints="59" visitedSequencePoints="59" numBranchPoints="22" visitedBranchPoints="22" sequenceCoverage="100" branchCoverage="100" maxCyclomaticComplexity="6" minCyclomaticComplexity="1" maxCrapScore="6" minCrapScore="1" visitedClasses="1" numClasses="1" visitedMethods="4" numMethods="4" />
          <FullName>RecommendationEngine.CoreRecommender.PearsonCoefficient</FullName>
          <Methods>
            <Method visited="true" cyclomaticComplexity="3" nPathComplexity="4" sequenceCoverage="100" branchCoverage="100" crapScore="3" isConstructor="false" isStatic="false" isGetter="false" isSetter="false">
              <Summary numSequencePoints="21" visitedSequencePoints="21" numBranchPoints="5" visitedBranchPoints="5" sequenceCoverage="100" branchCoverage="100" maxCyclomaticComplexity="3" minCyclomaticComplexity="3" maxCrapScore="3" minCrapScore="3" visitedClasses="0" numClasses="0" visitedMethods="1" numMethods="1" />
              <MetadataToken>100663297</MetadataToken>
              <Name>System.Double RecommendationEngine.CoreRecommender.PearsonCoefficient::GetCorrelation(System.Collections.Generic.List`1&lt;System.Int32&gt;,System.Collections.Generic.List`1&lt;System.Int32&gt;)</Name>
              <FileRef uid="3" />
              <SequencePoints>
                <SequencePoint vc="7" uspid="36" ordinal="0" offset="20" sl="12" sc="9" el="12" ec="10" bec="0" bev="0" fileid="3" />
                <SequencePoint vc="7" uspid="37" ordinal="1" offset="21" sl="18" sc="13" el="18" ec="50" bec="2" bev="2" fileid="3" />
                <SequencePoint vc="2" uspid="38" ordinal="2" offset="51" sl="19" sc="13" el="19" ec="14" bec="0" bev="0" fileid="3" />
                <SequencePoint vc="2" uspid="39" ordinal="3" offset="52" sl="20" sc="17" el="20" ec="54" bec="0" bev="0" fileid="3" />
                <SequencePoint vc="2" uspid="40" ordinal="4" offset="70" sl="21" sc="13" el="21" ec="14" bec="0" bev="0" fileid="3" />
                <SequencePoint vc="5" uspid="41" ordinal="5" offset="73" sl="22" sc="18" el="22" ec="54" bec="2" bev="2" fileid="3" />
                <SequencePoint vc="2" uspid="42" ordinal="6" offset="103" sl="23" sc="13" el="23" ec="14" bec="0" bev="0" fileid="3" />
                <SequencePoint vc="2" uspid="43" ordinal="7" offset="104" sl="24" sc="17" el="24" ec="55" bec="0" bev="0" fileid="3" />
                <SequencePoint vc="2" uspid="44" ordinal="8" offset="122" sl="25" sc="13" el="25" ec="14" bec="0" bev="0" fileid="3" />
                <SequencePoint vc="7" uspid="45" ordinal="9" offset="123" sl="26" sc="13" el="26" ec="49" bec="0" bev="0" fileid="3" />
                <SequencePoint vc="7" uspid="46" ordinal="10" offset="141" sl="27" sc="13" el="27" ec="44" bec="0" bev="0" fileid="3" />
                <SequencePoint vc="7" uspid="47" ordinal="11" offset="154" sl="28" sc="13" el="28" ec="45" bec="0" bev="0" fileid="3" />
                <SequencePoint vc="7" uspid="48" ordinal="12" offset="167" sl="29" sc="13" el="29" ec="38" bec="0" bev="0" fileid="3" />
                <SequencePoint vc="7" uspid="49" ordinal="13" offset="182" sl="30" sc="13" el="30" ec="35" bec="0" bev="0" fileid="3" />
                <SequencePoint vc="7" uspid="50" ordinal="14" offset="197" sl="31" sc="13" el="31" ec="35" bec="0" bev="0" fileid="3" />
                <SequencePoint vc="7" uspid="51" ordinal="15" offset="212" sl="32" sc="13" el="37" ec="16" bec="0" bev="0" fileid="3" />
                <SequencePoint vc="7" uspid="52" ordinal="16" offset="242" sl="38" sc="13" el="38" ec="83" bec="0" bev="0" fileid="3" />
                <SequencePoint vc="7" uspid="53" ordinal="17" offset="266" sl="39" sc="13" el="39" ec="151" bec="0" bev="0" fileid="3" />
                <SequencePoint vc="7" uspid="54" ordinal="18" offset="344" sl="40" sc="13" el="40" ec="48" bec="0" bev="0" fileid="3" />
                <SequencePoint vc="7" uspid="55" ordinal="19" offset="350" sl="41" sc="13" el="41" ec="36" bec="0" bev="0" fileid="3" />
                <SequencePoint vc="7" uspid="56" ordinal="20" offset="362" sl="42" sc="9" el="42" ec="10" bec="0" bev="0" fileid="3" />
              </SequencePoints>
              <BranchPoints>
                <BranchPoint vc="2" uspid="57" ordinal="0" offset="49" sl="18" path="0" offsetend="51" fileid="3" />
                <BranchPoint vc="5" uspid="58" ordinal="1" offset="49" sl="18" path="1" offsetend="73" fileid="3" />
                <BranchPoint vc="2" uspid="59" ordinal="2" offset="101" sl="22" path="0" offsetend="103" fileid="3" />
                <BranchPoint vc="3" uspid="60" ordinal="3" offset="101" sl="22" path="1" offsetend="123" fileid="3" />
              </BranchPoints>
              <MethodPoint vc="7" uspid="61" ordinal="0" offset="0" />
            </Method>
            <Method visited="true" cyclomaticComplexity="3" nPathComplexity="4" sequenceCoverage="100" branchCoverage="100" crapScore="3" isConstructor="false" isStatic="true" isGetter="false" isSetter="false">
              <Summary numSequencePoints="12" visitedSequencePoints="12" numBranchPoints="5" visitedBranchPoints="5" sequenceCoverage="100" branchCoverage="100" maxCyclomaticComplexity="3" minCyclomaticComplexity="3" maxCrapScore="3" minCrapScore="3" visitedClasses="0" numClasses="0" visitedMethods="1" numMethods="1" />
              <MetadataToken>100663298</MetadataToken>
              <Name>System.Void RecommendationEngine.CoreRecommender.PearsonCoefficient::BaseCountLarger(System.Collections.Generic.List`1&lt;System.Int32&gt;,System.Collections.Generic.List`1&lt;System.Int32&gt;)</Name>
              <FileRef uid="3" />
              <SequencePoints>
                <SequencePoint vc="2" uspid="62" ordinal="0" offset="0" sl="44" sc="9" el="44" ec="10" bec="0" bev="0" fileid="3" />
                <SequencePoint vc="2" uspid="63" ordinal="1" offset="1" sl="45" sc="17" el="45" ec="38" bec="0" bev="0" fileid="3" />
                <SequencePoint vc="2" uspid="64" ordinal="2" offset="10" sl="46" sc="13" el="46" ec="14" bec="0" bev="0" fileid="3" />
                <SequencePoint vc="2" uspid="65" ordinal="3" offset="11" sl="47" sc="17" el="47" ec="34" bec="0" bev="0" fileid="3" />
                <SequencePoint vc="2" uspid="66" ordinal="4" offset="19" sl="48" sc="17" el="48" ec="39" bec="2" bev="2" fileid="3" />
                <SequencePoint vc="1" uspid="67" ordinal="5" offset="37" sl="49" sc="17" el="49" ec="18" bec="0" bev="0" fileid="3" />
                <SequencePoint vc="1" uspid="68" ordinal="6" offset="38" sl="50" sc="21" el="50" ec="38" bec="0" bev="0" fileid="3" />
                <SequencePoint vc="1" uspid="69" ordinal="7" offset="59" sl="51" sc="17" el="51" ec="18" bec="0" bev="0" fileid="3" />
                <SequencePoint vc="2" uspid="70" ordinal="8" offset="60" sl="52" sc="13" el="52" ec="14" bec="0" bev="0" fileid="3" />
                <SequencePoint vc="2" uspid="71" ordinal="9" offset="61" sl="45" sc="58" el="45" ec="61" bec="0" bev="0" fileid="3" />
                <SequencePoint vc="4" uspid="72" ordinal="10" offset="65" sl="45" sc="40" el="45" ec="56" bec="2" bev="2" fileid="3" />
                <SequencePoint vc="2" uspid="73" ordinal="11" offset="80" sl="53" sc="9" el="53" ec="10" bec="0" bev="0" fileid="3" />
              </SequencePoints>
              <BranchPoints>
                <BranchPoint vc="1" uspid="74" ordinal="0" offset="35" sl="48" path="0" offsetend="37" fileid="3" />
                <BranchPoint vc="1" uspid="75" ordinal="1" offset="35" sl="48" path="1" offsetend="60" fileid="3" />
                <BranchPoint vc="2" uspid="76" ordinal="2" offset="78" sl="45" path="0" offsetend="80" fileid="3" />
                <BranchPoint vc="2" uspid="77" ordinal="3" offset="78" sl="45" path="1" offsetend="10" fileid="3" />
              </BranchPoints>
              <MethodPoint xsi:type="SequencePoint" vc="2" uspid="62" ordinal="0" offset="0" sl="44" sc="9" el="44" ec="10" bec="0" bev="0" fileid="3" />
            </Method>
            <Method visited="true" cyclomaticComplexity="1" nPathComplexity="0" sequenceCoverage="100" branchCoverage="100" crapScore="1" isConstructor="false" isStatic="true" isGetter="false" isSetter="false">
              <Summary numSequencePoints="3" visitedSequencePoints="3" numBranchPoints="1" visitedBranchPoints="1" sequenceCoverage="100" branchCoverage="100" maxCyclomaticComplexity="1" minCyclomaticComplexity="1" maxCrapScore="1" minCrapScore="1" visitedClasses="0" numClasses="0" visitedMethods="1" numMethods="1" />
              <MetadataToken>100663299</MetadataToken>
              <Name>System.Void RecommendationEngine.CoreRecommender.PearsonCoefficient::OtherCountLarger(System.Collections.Generic.List`1&lt;System.Int32&gt;,System.Collections.Generic.List`1&lt;System.Int32&gt;)</Name>
              <FileRef uid="3" />
              <SequencePoints>
                <SequencePoint vc="2" uspid="78" ordinal="0" offset="13" sl="55" sc="9" el="55" ec="10" bec="0" bev="0" fileid="3" />
                <SequencePoint vc="2" uspid="79" ordinal="1" offset="14" sl="56" sc="13" el="59" ec="16" bec="0" bev="0" fileid="3" />
                <SequencePoint vc="2" uspid="80" ordinal="2" offset="49" sl="60" sc="9" el="60" ec="10" bec="0" bev="0" fileid="3" />
              </SequencePoints>
              <BranchPoints />
              <MethodPoint vc="2" uspid="81" ordinal="0" offset="0" />
            </Method>
            <Method visited="true" cyclomaticComplexity="6" nPathComplexity="32" sequenceCoverage="100" branchCoverage="100" crapScore="6" isConstructor="false" isStatic="true" isGetter="false" isSetter="false">
              <Summary numSequencePoints="23" visitedSequencePoints="23" numBranchPoints="11" visitedBranchPoints="11" sequenceCoverage="100" branchCoverage="100" maxCyclomaticComplexity="6" minCyclomaticComplexity="6" maxCrapScore="6" minCrapScore="6" visitedClasses="0" numClasses="0" visitedMethods="1" numMethods="1" />
              <MetadataToken>100663300</MetadataToken>
              <Name>System.Void RecommendationEngine.CoreRecommender.PearsonCoefficient::CheckForZeroes(System.Collections.Generic.List`1&lt;System.Int32&gt;,System.Collections.Generic.List`1&lt;System.Int32&gt;)</Name>
              <FileRef uid="3" />
              <SequencePoints>
                <SequencePoint vc="7" uspid="82" ordinal="0" offset="0" sl="62" sc="9" el="62" ec="10" bec="0" bev="0" fileid="3" />
                <SequencePoint vc="7" uspid="83" ordinal="1" offset="1" sl="63" sc="17" el="63" ec="24" bec="0" bev="0" fileid="3" />
                <SequencePoint vc="25" uspid="84" ordinal="2" offset="8" sl="64" sc="13" el="64" ec="14" bec="0" bev="0" fileid="3" />
                <SequencePoint vc="25" uspid="85" ordinal="3" offset="9" sl="65" sc="17" el="65" ec="38" bec="2" bev="2" fileid="3" />
                <SequencePoint vc="2" uspid="86" ordinal="4" offset="23" sl="66" sc="17" el="66" ec="18" bec="0" bev="0" fileid="3" />
                <SequencePoint vc="2" uspid="87" ordinal="5" offset="24" sl="67" sc="21" el="67" ec="44" bec="2" bev="2" fileid="3" />
                <SequencePoint vc="1" uspid="88" ordinal="6" offset="42" sl="68" sc="21" el="68" ec="22" bec="0" bev="0" fileid="3" />
                <SequencePoint vc="1" uspid="89" ordinal="7" offset="43" sl="69" sc="25" el="69" ec="43" bec="0" bev="0" fileid="3" />
                <SequencePoint vc="1" uspid="90" ordinal="8" offset="67" sl="70" sc="21" el="70" ec="22" bec="0" bev="0" fileid="3" />
                <SequencePoint vc="2" uspid="91" ordinal="9" offset="68" sl="71" sc="21" el="71" ec="38" bec="0" bev="0" fileid="3" />
                <SequencePoint vc="2" uspid="92" ordinal="10" offset="92" sl="72" sc="17" el="72" ec="18" bec="0" bev="0" fileid="3" />
                <SequencePoint vc="23" uspid="93" ordinal="11" offset="95" sl="73" sc="22" el="73" ec="44" bec="2" bev="2" fileid="3" />
                <SequencePoint vc="2" uspid="94" ordinal="12" offset="111" sl="74" sc="17" el="74" ec="18" bec="0" bev="0" fileid="3" />
                <SequencePoint vc="2" uspid="95" ordinal="13" offset="112" sl="75" sc="21" el="75" ec="43" bec="2" bev="2" fileid="3" />
                <SequencePoint vc="1" uspid="96" ordinal="14" offset="132" sl="76" sc="21" el="76" ec="22" bec="0" bev="0" fileid="3" />
                <SequencePoint vc="1" uspid="97" ordinal="15" offset="133" sl="77" sc="25" el="77" ec="42" bec="0" bev="0" fileid="3" />
                <SequencePoint vc="1" uspid="98" ordinal="16" offset="157" sl="78" sc="21" el="78" ec="22" bec="0" bev="0" fileid="3" />
                <SequencePoint vc="2" uspid="99" ordinal="17" offset="158" sl="79" sc="21" el="79" ec="39" bec="0" bev="0" fileid="3" />
                <SequencePoint vc="2" uspid="100" ordinal="18" offset="182" sl="80" sc="17" el="80" ec="18" bec="0" bev="0" fileid="3" />
                <SequencePoint vc="25" uspid="101" ordinal="19" offset="183" sl="81" sc="13" el="81" ec="14" bec="0" bev="0" fileid="3" />
                <SequencePoint vc="25" uspid="102" ordinal="20" offset="184" sl="63" sc="46" el="63" ec="49" bec="0" bev="0" fileid="3" />
                <SequencePoint vc="32" uspid="103" ordinal="21" offset="188" sl="63" sc="26" el="63" ec="44" bec="2" bev="2" fileid="3" />
                <SequencePoint vc="7" uspid="104" ordinal="22" offset="206" sl="82" sc="9" el="82" ec="10" bec="0" bev="0" fileid="3" />
              </SequencePoints>
              <BranchPoints>
                <BranchPoint vc="2" uspid="105" ordinal="0" offset="21" sl="65" path="0" offsetend="23" fileid="3" />
                <BranchPoint vc="23" uspid="106" ordinal="1" offset="21" sl="65" path="1" offsetend="95" fileid="3" />
                <BranchPoint vc="1" uspid="107" ordinal="2" offset="40" sl="67" path="0" offsetend="42" fileid="3" />
                <BranchPoint vc="1" uspid="108" ordinal="3" offset="40" sl="67" path="1" offsetend="68" fileid="3" />
                <BranchPoint vc="2" uspid="109" ordinal="4" offset="109" sl="73" path="0" offsetend="111" fileid="3" />
                <BranchPoint vc="21" uspid="110" ordinal="5" offset="109" sl="73" path="1" offsetend="183" fileid="3" />
                <BranchPoint vc="1" uspid="111" ordinal="6" offset="130" sl="75" path="0" offsetend="132" fileid="3" />
                <BranchPoint vc="1" uspid="112" ordinal="7" offset="130" sl="75" path="1" offsetend="158" fileid="3" />
                <BranchPoint vc="7" uspid="113" ordinal="8" offset="201" sl="63" path="0" offsetend="206" fileid="3" />
                <BranchPoint vc="25" uspid="114" ordinal="9" offset="201" sl="63" path="1" offsetend="8" fileid="3" />
              </BranchPoints>
              <MethodPoint xsi:type="SequencePoint" vc="7" uspid="82" ordinal="0" offset="0" sl="62" sc="9" el="62" ec="10" bec="0" bev="0" fileid="3" />
            </Method>
            <Method visited="false" cyclomaticComplexity="1" nPathComplexity="0" sequenceCoverage="0" branchCoverage="0" crapScore="2" isConstructor="true" isStatic="false" isGetter="false" isSetter="false">
              <Summary numSequencePoints="0" visitedSequencePoints="0" numBranchPoints="0" visitedBranchPoints="0" sequenceCoverage="0" branchCoverage="0" maxCyclomaticComplexity="1" minCyclomaticComplexity="1" maxCrapScore="2" minCrapScore="2" visitedClasses="0" numClasses="0" visitedMethods="0" numMethods="0" />
              <MetadataToken>100663301</MetadataToken>
              <Name>System.Void RecommendationEngine.CoreRecommender.PearsonCoefficient::.ctor()</Name>
              <SequencePoints />
              <BranchPoints />
              <MethodPoint vc="0" uspid="115" ordinal="0" offset="0" />
            </Method>
          </Methods>
        </Class>
        <Class>
          <Summary numSequencePoints="5" visitedSequencePoints="5" numBranchPoints="1" visitedBranchPoints="1" sequenceCoverage="100" branchCoverage="100" maxCyclomaticComplexity="1" minCyclomaticComplexity="1" maxCrapScore="2" minCrapScore="1" visitedClasses="1" numClasses="1" visitedMethods="1" numMethods="1" />
          <FullName>RecommendationEngine.CoreRecommender.PearsonCoefficient/&lt;&gt;c__DisplayClass0_0</FullName>
          <Methods>
            <Method visited="false" cyclomaticComplexity="1" nPathComplexity="0" sequenceCoverage="0" branchCoverage="0" crapScore="2" isConstructor="true" isStatic="false" isGetter="false" isSetter="false">
              <Summary numSequencePoints="0" visitedSequencePoints="0" numBranchPoints="0" visitedBranchPoints="0" sequenceCoverage="0" branchCoverage="0" maxCyclomaticComplexity="1" minCyclomaticComplexity="1" maxCrapScore="2" minCrapScore="2" visitedClasses="0" numClasses="0" visitedMethods="0" numMethods="0" />
              <MetadataToken>100663303</MetadataToken>
              <Name>System.Void RecommendationEngine.CoreRecommender.PearsonCoefficient/&lt;&gt;c__DisplayClass0_0::.ctor()</Name>
              <SequencePoints />
              <BranchPoints />
              <MethodPoint vc="0" uspid="116" ordinal="0" offset="0" />
            </Method>
            <Method visited="true" cyclomaticComplexity="1" nPathComplexity="0" sequenceCoverage="100" branchCoverage="100" crapScore="1" isConstructor="false" isStatic="false" isGetter="false" isSetter="false">
              <Summary numSequencePoints="5" visitedSequencePoints="5" numBranchPoints="1" visitedBranchPoints="1" sequenceCoverage="100" branchCoverage="100" maxCyclomaticComplexity="1" minCyclomaticComplexity="1" maxCrapScore="1" minCrapScore="1" visitedClasses="0" numClasses="0" visitedMethods="1" numMethods="1" />
              <MetadataToken>100663304</MetadataToken>
              <Name>System.Void RecommendationEngine.CoreRecommender.PearsonCoefficient/&lt;&gt;c__DisplayClass0_0::&lt;GetCorrelation&gt;b__0(System.Int32)</Name>
              <FileRef uid="3" />
              <SequencePoints>
                <SequencePoint vc="25" uspid="117" ordinal="0" offset="0" sl="33" sc="13" el="33" ec="14" bec="0" bev="0" fileid="3" />
                <SequencePoint vc="25" uspid="118" ordinal="1" offset="1" sl="34" sc="17" el="34" ec="61" bec="0" bev="0" fileid="3" />
                <SequencePoint vc="25" uspid="119" ordinal="2" offset="40" sl="35" sc="17" el="35" ec="57" bec="0" bev="0" fileid="3" />
                <SequencePoint vc="25" uspid="120" ordinal="3" offset="79" sl="36" sc="17" el="36" ec="59" bec="0" bev="0" fileid="3" />
                <SequencePoint vc="25" uspid="121" ordinal="4" offset="118" sl="37" sc="13" el="37" ec="14" bec="0" bev="0" fileid="3" />
              </SequencePoints>
              <BranchPoints />
              <MethodPoint xsi:type="SequencePoint" vc="25" uspid="117" ordinal="0" offset="0" sl="33" sc="13" el="33" ec="14" bec="0" bev="0" fileid="3" />
            </Method>
          </Methods>
        </Class>
        <Class>
          <Summary numSequencePoints="3" visitedSequencePoints="3" numBranchPoints="1" visitedBranchPoints="1" sequenceCoverage="100" branchCoverage="100" maxCyclomaticComplexity="1" minCyclomaticComplexity="1" maxCrapScore="2" minCrapScore="1" visitedClasses="1" numClasses="1" visitedMethods="1" numMethods="1" />
          <FullName>RecommendationEngine.CoreRecommender.PearsonCoefficient/&lt;&gt;c__DisplayClass2_0</FullName>
          <Methods>
            <Method visited="false" cyclomaticComplexity="1" nPathComplexity="0" sequenceCoverage="0" branchCoverage="0" crapScore="2" isConstructor="true" isStatic="false" isGetter="false" isSetter="false">
              <Summary numSequencePoints="0" visitedSequencePoints="0" numBranchPoints="0" visitedBranchPoints="0" sequenceCoverage="0" branchCoverage="0" maxCyclomaticComplexity="1" minCyclomaticComplexity="1" maxCrapScore="2" minCrapScore="2" visitedClasses="0" numClasses="0" visitedMethods="0" numMethods="0" />
              <MetadataToken>100663305</MetadataToken>
              <Name>System.Void RecommendationEngine.CoreRecommender.PearsonCoefficient/&lt;&gt;c__DisplayClass2_0::.ctor()</Name>
              <SequencePoints />
              <BranchPoints />
              <MethodPoint vc="0" uspid="122" ordinal="0" offset="0" />
            </Method>
            <Method visited="true" cyclomaticComplexity="1" nPathComplexity="0" sequenceCoverage="100" branchCoverage="100" crapScore="1" isConstructor="false" isStatic="false" isGetter="false" isSetter="false">
              <Summary numSequencePoints="3" visitedSequencePoints="3" numBranchPoints="1" visitedBranchPoints="1" sequenceCoverage="100" branchCoverage="100" maxCyclomaticComplexity="1" minCyclomaticComplexity="1" maxCrapScore="1" minCrapScore="1" visitedClasses="0" numClasses="0" visitedMethods="1" numMethods="1" />
              <MetadataToken>100663306</MetadataToken>
              <Name>System.Void RecommendationEngine.CoreRecommender.PearsonCoefficient/&lt;&gt;c__DisplayClass2_0::&lt;OtherCountLarger&gt;b__0(System.Int32)</Name>
              <FileRef uid="3" />
              <SequencePoints>
                <SequencePoint vc="2" uspid="123" ordinal="0" offset="0" sl="57" sc="13" el="57" ec="14" bec="0" bev="0" fileid="3" />
                <SequencePoint vc="2" uspid="124" ordinal="1" offset="1" sl="58" sc="17" el="58" ec="39" bec="0" bev="0" fileid="3" />
                <SequencePoint vc="2" uspid="125" ordinal="2" offset="14" sl="59" sc="13" el="59" ec="14" bec="0" bev="0" fileid="3" />
              </SequencePoints>
              <BranchPoints />
              <MethodPoint xsi:type="SequencePoint" vc="2" uspid="123" ordinal="0" offset="0" sl="57" sc="13" el="57" ec="14" bec="0" bev="0" fileid="3" />
            </Method>
          </Methods>
        </Class>
      </Classes>
    </Module>
  </Modules>
</CoverageSession>